2018-12-18 12:37:14,607 [Worker-72] INFO  o.e.m.c.i.l.LifecycleMappingFactory - Using org.maven.ide.eclipse.wtp.WarLifecycleMapping lifecycle mapping for MavenProject: com.jp.hr:Spring_300_MvcJPARestNg:0.0.1-SNAPSHOT @ C:\Users\Administrator\Documents\GitHub\New_JEE\WebServices\Spring_300_MvcJPARestNg\pom.xml.
2018-12-18 12:37:17,415 [Worker-67] WARN  o.e.m.c.i.embedder.EclipseLogger - Using platform encoding (Cp1252 actually) to copy filtered resources, i.e. build is platform dependent!
2018-12-18 12:37:17,415 [Worker-67] INFO  o.e.m.c.i.embedder.EclipseLogger - skip non existing resourceDirectory C:\Users\Administrator\Documents\GitHub\New_JEE\WebServices\Spring_300_MvcJPARestNg\src\main\resources
2018-12-18 12:37:17,415 [Worker-67] WARN  o.e.m.c.i.embedder.EclipseLogger - Using platform encoding (Cp1252 actually) to copy filtered resources, i.e. build is platform dependent!
2018-12-18 12:37:17,415 [Worker-67] INFO  o.e.m.c.i.embedder.EclipseLogger - skip non existing resourceDirectory C:\Users\Administrator\Documents\GitHub\New_JEE\WebServices\Spring_300_MvcJPARestNg\src\test\resources
2018-12-18 12:37:17,462 [Worker-72] INFO  o.e.m.j.i.AbstractJavaProjectConfigurator - Adding source folder /Spring_300_MvcJPARestNg/src
2018-12-18 12:37:17,462 [Worker-72] INFO  o.e.m.j.i.AbstractJavaProjectConfigurator - Not adding source folder /Spring_300_MvcJPARestNg/src/test/java because it overlaps with /Spring_300_MvcJPARestNg/src
2018-12-18 12:37:18,086 [Worker-72] INFO  o.e.m.c.i.p.ProjectConfigurationManager - Update started
2018-12-18 12:37:18,522 [Worker-72] INFO  o.e.m.c.i.l.LifecycleMappingFactory - Using org.maven.ide.eclipse.wtp.WarLifecycleMapping lifecycle mapping for MavenProject: com.jp.hr:Spring_300_MvcJPARestNg:0.0.1-SNAPSHOT @ C:\Users\Administrator\Documents\GitHub\New_JEE\WebServices\Spring_300_MvcJPARestNg\pom.xml.
2018-12-18 12:37:19,677 [Worker-67] WARN  o.e.m.c.i.embedder.EclipseLogger - Using platform encoding (Cp1252 actually) to copy filtered resources, i.e. build is platform dependent!
2018-12-18 12:37:19,677 [Worker-67] INFO  o.e.m.c.i.embedder.EclipseLogger - skip non existing resourceDirectory C:\Users\Administrator\Documents\GitHub\New_JEE\WebServices\Spring_300_MvcJPARestNg\src\main\resources
2018-12-18 12:37:19,677 [Worker-67] WARN  o.e.m.c.i.embedder.EclipseLogger - Using platform encoding (Cp1252 actually) to copy filtered resources, i.e. build is platform dependent!
2018-12-18 12:37:19,677 [Worker-67] INFO  o.e.m.c.i.embedder.EclipseLogger - skip non existing resourceDirectory C:\Users\Administrator\Documents\GitHub\New_JEE\WebServices\Spring_300_MvcJPARestNg\src\test\resources
2018-12-18 12:37:19,677 [Worker-67] INFO  o.e.m.w.i.f.ResourceFilteringBuildParticipant - Changed resources require a complete clean of filtered resources of Spring_300_MvcJPARestNg
2018-12-18 12:37:19,677 [Worker-67] INFO  o.e.m.w.i.f.ResourceFilteringBuildParticipant - Executing resource filtering for Spring_300_MvcJPARestNg
2018-12-18 12:37:19,677 [Worker-67] WARN  o.e.m.c.i.embedder.EclipseLogger - The POM for org.apache.maven.plugins:maven-clean-plugin:jar:2.5 is missing, no dependency information available
2018-12-18 12:37:19,708 [Worker-67] WARN  o.e.m.c.i.embedder.EclipseLogger - Using platform encoding (Cp1252 actually) to copy filtered resources, i.e. build is platform dependent!
2018-12-18 12:37:19,724 [Worker-72] INFO  o.e.m.j.i.AbstractJavaProjectConfigurator - Adding source folder /Spring_300_MvcJPARestNg/src
2018-12-18 12:37:19,739 [Worker-72] INFO  o.e.m.j.i.AbstractJavaProjectConfigurator - Not adding source folder /Spring_300_MvcJPARestNg/src/test/java because it overlaps with /Spring_300_MvcJPARestNg/src
2018-12-18 12:37:19,973 [Worker-72] INFO  o.e.m.w.i.f.ResourceFilteringBuildParticipant - Cleaning filtered folder for Spring_300_MvcJPARestNg
2018-12-18 12:37:20,004 [Worker-72] INFO  o.e.m.c.i.p.ProjectConfigurationManager - Update completed: 1 sec
2018-12-18 12:37:20,738 [Worker-67] WARN  o.e.m.c.i.embedder.EclipseLogger - Using platform encoding (Cp1252 actually) to copy filtered resources, i.e. build is platform dependent!
2018-12-18 12:37:20,738 [Worker-67] INFO  o.e.m.c.i.embedder.EclipseLogger - skip non existing resourceDirectory C:\Users\Administrator\Documents\GitHub\New_JEE\WebServices\Spring_300_MvcJPARestNg\src\main\resources
2018-12-18 12:37:20,738 [Worker-67] WARN  o.e.m.c.i.embedder.EclipseLogger - Using platform encoding (Cp1252 actually) to copy filtered resources, i.e. build is platform dependent!
2018-12-18 12:37:20,738 [Worker-67] INFO  o.e.m.c.i.embedder.EclipseLogger - skip non existing resourceDirectory C:\Users\Administrator\Documents\GitHub\New_JEE\WebServices\Spring_300_MvcJPARestNg\src\test\resources
2018-12-18 12:37:20,738 [Worker-67] INFO  o.e.m.w.i.f.ResourceFilteringBuildParticipant - Changed resources require a complete clean of filtered resources of Spring_300_MvcJPARestNg
2018-12-18 12:37:20,738 [Worker-67] INFO  o.e.m.w.i.f.ResourceFilteringBuildParticipant - Executing resource filtering for Spring_300_MvcJPARestNg
2018-12-18 12:37:20,738 [Worker-67] WARN  o.e.m.c.i.embedder.EclipseLogger - Using platform encoding (Cp1252 actually) to copy filtered resources, i.e. build is platform dependent!
2018-12-18 12:38:38,848 [Worker-72] INFO  o.e.m.c.i.l.LifecycleMappingFactory - Using org.maven.ide.eclipse.wtp.WarLifecycleMapping lifecycle mapping for MavenProject: com.jp.hr:Spring120_MVC_JPA:0.0.1-SNAPSHOT @ C:\Users\Administrator\Documents\GitHub\New_JEE\WebServices\Spring_300_MvcJPARestNg\pom.xml.
2018-12-18 12:38:39,924 [Worker-72] WARN  o.e.m.c.i.embedder.EclipseLogger - Using platform encoding (Cp1252 actually) to copy filtered resources, i.e. build is platform dependent!
2018-12-18 12:38:39,924 [Worker-72] INFO  o.e.m.c.i.embedder.EclipseLogger - skip non existing resourceDirectory C:\Users\Administrator\Documents\GitHub\New_JEE\WebServices\Spring_300_MvcJPARestNg\src\main\resources
2018-12-18 12:38:39,924 [Worker-72] WARN  o.e.m.c.i.embedder.EclipseLogger - Using platform encoding (Cp1252 actually) to copy filtered resources, i.e. build is platform dependent!
2018-12-18 12:38:39,940 [Worker-72] INFO  o.e.m.c.i.embedder.EclipseLogger - skip non existing resourceDirectory C:\Users\Administrator\Documents\GitHub\New_JEE\WebServices\Spring_300_MvcJPARestNg\src\test\resources
2018-12-18 12:38:39,940 [Worker-72] INFO  o.e.m.w.i.f.ResourceFilteringBuildParticipant - Changed resources require a complete clean of filtered resources of Spring_300_MvcJPARestNg
2018-12-18 12:38:39,940 [Worker-72] INFO  o.e.m.w.i.f.ResourceFilteringBuildParticipant - Executing resource filtering for Spring_300_MvcJPARestNg
2018-12-18 12:38:39,940 [Worker-72] WARN  o.e.m.c.i.embedder.EclipseLogger - Using platform encoding (Cp1252 actually) to copy filtered resources, i.e. build is platform dependent!
2018-12-18 12:39:01,235 [Worker-68] INFO  o.e.m.c.i.l.LifecycleMappingFactory - Using org.maven.ide.eclipse.wtp.WarLifecycleMapping lifecycle mapping for MavenProject: com.jp.hr:/Spring_300_MvcJPARestNg:0.0.1-SNAPSHOT @ C:\Users\Administrator\Documents\GitHub\New_JEE\WebServices\Spring_300_MvcJPARestNg\pom.xml.
2018-12-18 12:39:02,109 [Worker-68] WARN  o.e.m.c.i.embedder.EclipseLogger - Using platform encoding (Cp1252 actually) to copy filtered resources, i.e. build is platform dependent!
2018-12-18 12:39:02,109 [Worker-68] INFO  o.e.m.c.i.embedder.EclipseLogger - skip non existing resourceDirectory C:\Users\Administrator\Documents\GitHub\New_JEE\WebServices\Spring_300_MvcJPARestNg\src\main\resources
2018-12-18 12:39:02,125 [Worker-68] WARN  o.e.m.c.i.embedder.EclipseLogger - Using platform encoding (Cp1252 actually) to copy filtered resources, i.e. build is platform dependent!
2018-12-18 12:39:02,125 [Worker-68] INFO  o.e.m.c.i.embedder.EclipseLogger - skip non existing resourceDirectory C:\Users\Administrator\Documents\GitHub\New_JEE\WebServices\Spring_300_MvcJPARestNg\src\test\resources
2018-12-18 12:39:02,125 [Worker-68] INFO  o.e.m.w.i.f.ResourceFilteringBuildParticipant - Changed resources require a complete clean of filtered resources of Spring_300_MvcJPARestNg
2018-12-18 12:39:02,125 [Worker-68] INFO  o.e.m.w.i.f.ResourceFilteringBuildParticipant - Executing resource filtering for Spring_300_MvcJPARestNg
2018-12-18 12:39:02,125 [Worker-68] WARN  o.e.m.c.i.embedder.EclipseLogger - Using platform encoding (Cp1252 actually) to copy filtered resources, i.e. build is platform dependent!
2018-12-18 12:39:05,447 [Worker-69] INFO  o.e.m.c.i.l.LifecycleMappingFactory - Using org.maven.ide.eclipse.wtp.WarLifecycleMapping lifecycle mapping for MavenProject: com.jp.hr:Spring_300_MvcJPARestNg:0.0.1-SNAPSHOT @ C:\Users\Administrator\Documents\GitHub\New_JEE\WebServices\Spring_300_MvcJPARestNg\pom.xml.
2018-12-18 12:39:06,149 [Worker-69] WARN  o.e.m.c.i.embedder.EclipseLogger - Using platform encoding (Cp1252 actually) to copy filtered resources, i.e. build is platform dependent!
2018-12-18 12:39:06,149 [Worker-69] INFO  o.e.m.c.i.embedder.EclipseLogger - skip non existing resourceDirectory C:\Users\Administrator\Documents\GitHub\New_JEE\WebServices\Spring_300_MvcJPARestNg\src\main\resources
2018-12-18 12:39:06,165 [Worker-69] WARN  o.e.m.c.i.embedder.EclipseLogger - Using platform encoding (Cp1252 actually) to copy filtered resources, i.e. build is platform dependent!
2018-12-18 12:39:06,165 [Worker-69] INFO  o.e.m.c.i.embedder.EclipseLogger - skip non existing resourceDirectory C:\Users\Administrator\Documents\GitHub\New_JEE\WebServices\Spring_300_MvcJPARestNg\src\test\resources
2018-12-18 12:39:06,165 [Worker-69] INFO  o.e.m.w.i.f.ResourceFilteringBuildParticipant - Changed resources require a complete clean of filtered resources of Spring_300_MvcJPARestNg
2018-12-18 12:39:06,165 [Worker-69] INFO  o.e.m.w.i.f.ResourceFilteringBuildParticipant - Executing resource filtering for Spring_300_MvcJPARestNg
2018-12-18 12:39:06,165 [Worker-69] WARN  o.e.m.c.i.embedder.EclipseLogger - Using platform encoding (Cp1252 actually) to copy filtered resources, i.e. build is platform dependent!
2018-12-18 12:39:28,403 [Worker-59] WARN  o.e.m.c.i.embedder.EclipseLogger - Using platform encoding (Cp1252 actually) to copy filtered resources, i.e. build is platform dependent!
2018-12-18 12:39:28,403 [Worker-59] INFO  o.e.m.c.i.embedder.EclipseLogger - skip non existing resourceDirectory C:\Users\Administrator\Documents\GitHub\New_JEE\WebServices\Spring_300_MvcJPARestNg\src\main\resources
2018-12-18 12:39:28,403 [Worker-59] WARN  o.e.m.c.i.embedder.EclipseLogger - Using platform encoding (Cp1252 actually) to copy filtered resources, i.e. build is platform dependent!
2018-12-18 12:39:28,403 [Worker-59] INFO  o.e.m.c.i.embedder.EclipseLogger - skip non existing resourceDirectory C:\Users\Administrator\Documents\GitHub\New_JEE\WebServices\Spring_300_MvcJPARestNg\src\test\resources
2018-12-18 12:40:05,423 [Worker-64] WARN  o.e.m.c.i.embedder.EclipseLogger - Using platform encoding (Cp1252 actually) to copy filtered resources, i.e. build is platform dependent!
2018-12-18 12:40:05,423 [Worker-64] INFO  o.e.m.c.i.embedder.EclipseLogger - skip non existing resourceDirectory C:\Users\Administrator\Documents\GitHub\New_JEE\WebServices\Spring_300_MvcJPARestNg\src\main\resources
2018-12-18 12:40:05,423 [Worker-64] WARN  o.e.m.c.i.embedder.EclipseLogger - Using platform encoding (Cp1252 actually) to copy filtered resources, i.e. build is platform dependent!
2018-12-18 12:40:05,423 [Worker-64] INFO  o.e.m.c.i.embedder.EclipseLogger - skip non existing resourceDirectory C:\Users\Administrator\Documents\GitHub\New_JEE\WebServices\Spring_300_MvcJPARestNg\src\test\resources
2018-12-18 12:40:42,376 [Worker-74] WARN  o.e.m.c.i.embedder.EclipseLogger - Using platform encoding (Cp1252 actually) to copy filtered resources, i.e. build is platform dependent!
2018-12-18 12:40:42,376 [Worker-74] INFO  o.e.m.c.i.embedder.EclipseLogger - skip non existing resourceDirectory C:\Users\Administrator\Documents\GitHub\New_JEE\WebServices\Spring_300_MvcJPARestNg\src\main\resources
2018-12-18 12:40:42,376 [Worker-74] WARN  o.e.m.c.i.embedder.EclipseLogger - Using platform encoding (Cp1252 actually) to copy filtered resources, i.e. build is platform dependent!
2018-12-18 12:40:42,376 [Worker-74] INFO  o.e.m.c.i.embedder.EclipseLogger - skip non existing resourceDirectory C:\Users\Administrator\Documents\GitHub\New_JEE\WebServices\Spring_300_MvcJPARestNg\src\test\resources
2018-12-18 12:40:46,338 [Worker-74] WARN  o.e.m.c.i.embedder.EclipseLogger - Using platform encoding (Cp1252 actually) to copy filtered resources, i.e. build is platform dependent!
2018-12-18 12:40:46,338 [Worker-74] INFO  o.e.m.c.i.embedder.EclipseLogger - skip non existing resourceDirectory C:\Users\Administrator\Documents\GitHub\New_JEE\WebServices\Spring_300_MvcJPARestNg\src\main\resources
2018-12-18 12:40:46,338 [Worker-74] WARN  o.e.m.c.i.embedder.EclipseLogger - Using platform encoding (Cp1252 actually) to copy filtered resources, i.e. build is platform dependent!
2018-12-18 12:40:46,338 [Worker-74] INFO  o.e.m.c.i.embedder.EclipseLogger - skip non existing resourceDirectory C:\Users\Administrator\Documents\GitHub\New_JEE\WebServices\Spring_300_MvcJPARestNg\src\test\resources
2018-12-18 12:42:25,787 [Worker-67] WARN  o.e.m.c.i.embedder.EclipseLogger - Using platform encoding (Cp1252 actually) to copy filtered resources, i.e. build is platform dependent!
2018-12-18 12:42:25,787 [Worker-67] INFO  o.e.m.c.i.embedder.EclipseLogger - skip non existing resourceDirectory C:\Users\Administrator\Documents\GitHub\New_JEE\WebServices\Spring_300_MvcJPARestNg\src\main\resources
2018-12-18 12:42:25,787 [Worker-67] WARN  o.e.m.c.i.embedder.EclipseLogger - Using platform encoding (Cp1252 actually) to copy filtered resources, i.e. build is platform dependent!
2018-12-18 12:42:25,787 [Worker-67] INFO  o.e.m.c.i.embedder.EclipseLogger - skip non existing resourceDirectory C:\Users\Administrator\Documents\GitHub\New_JEE\WebServices\Spring_300_MvcJPARestNg\src\test\resources
2018-12-18 12:42:33,238 [Worker-71] WARN  o.e.m.c.i.embedder.EclipseLogger - Using platform encoding (Cp1252 actually) to copy filtered resources, i.e. build is platform dependent!
2018-12-18 12:42:33,238 [Worker-71] INFO  o.e.m.c.i.embedder.EclipseLogger - skip non existing resourceDirectory C:\Users\Administrator\Documents\GitHub\New_JEE\WebServices\Spring_300_MvcJPARestNg\src\main\resources
2018-12-18 12:42:33,238 [Worker-71] WARN  o.e.m.c.i.embedder.EclipseLogger - Using platform encoding (Cp1252 actually) to copy filtered resources, i.e. build is platform dependent!
2018-12-18 12:42:33,238 [Worker-71] INFO  o.e.m.c.i.embedder.EclipseLogger - skip non existing resourceDirectory C:\Users\Administrator\Documents\GitHub\New_JEE\WebServices\Spring_300_MvcJPARestNg\src\test\resources
2018-12-18 12:45:11,549 [Worker-67] WARN  o.e.m.c.i.embedder.EclipseLogger - Using platform encoding (Cp1252 actually) to copy filtered resources, i.e. build is platform dependent!
2018-12-18 12:45:11,549 [Worker-67] INFO  o.e.m.c.i.embedder.EclipseLogger - skip non existing resourceDirectory C:\Users\Administrator\Documents\GitHub\New_JEE\WebServices\Spring_300_MvcJPARestNg\src\main\resources
2018-12-18 12:45:11,549 [Worker-67] WARN  o.e.m.c.i.embedder.EclipseLogger - Using platform encoding (Cp1252 actually) to copy filtered resources, i.e. build is platform dependent!
2018-12-18 12:45:11,549 [Worker-67] INFO  o.e.m.c.i.embedder.EclipseLogger - skip non existing resourceDirectory C:\Users\Administrator\Documents\GitHub\New_JEE\WebServices\Spring_300_MvcJPARestNg\src\test\resources
2018-12-18 12:45:44,215 [Worker-62] WARN  o.e.m.c.i.embedder.EclipseLogger - Using platform encoding (Cp1252 actually) to copy filtered resources, i.e. build is platform dependent!
2018-12-18 12:45:44,215 [Worker-62] INFO  o.e.m.c.i.embedder.EclipseLogger - skip non existing resourceDirectory C:\Users\Administrator\Documents\GitHub\New_JEE\WebServices\Spring_300_MvcJPARestNg\src\main\resources
2018-12-18 12:45:44,215 [Worker-62] WARN  o.e.m.c.i.embedder.EclipseLogger - Using platform encoding (Cp1252 actually) to copy filtered resources, i.e. build is platform dependent!
2018-12-18 12:45:44,215 [Worker-62] INFO  o.e.m.c.i.embedder.EclipseLogger - skip non existing resourceDirectory C:\Users\Administrator\Documents\GitHub\New_JEE\WebServices\Spring_300_MvcJPARestNg\src\test\resources
2018-12-18 12:46:47,086 [Worker-68] WARN  o.e.m.c.i.embedder.EclipseLogger - Using platform encoding (Cp1252 actually) to copy filtered resources, i.e. build is platform dependent!
2018-12-18 12:46:47,086 [Worker-68] INFO  o.e.m.c.i.embedder.EclipseLogger - skip non existing resourceDirectory C:\Users\Administrator\Documents\GitHub\New_JEE\WebServices\Spring_300_MvcJPARestNg\src\main\resources
2018-12-18 12:46:47,086 [Worker-68] WARN  o.e.m.c.i.embedder.EclipseLogger - Using platform encoding (Cp1252 actually) to copy filtered resources, i.e. build is platform dependent!
2018-12-18 12:46:47,086 [Worker-68] INFO  o.e.m.c.i.embedder.EclipseLogger - skip non existing resourceDirectory C:\Users\Administrator\Documents\GitHub\New_JEE\WebServices\Spring_300_MvcJPARestNg\src\test\resources
2018-12-18 12:47:02,783 [Worker-71] WARN  o.e.m.c.i.embedder.EclipseLogger - Using platform encoding (Cp1252 actually) to copy filtered resources, i.e. build is platform dependent!
2018-12-18 12:47:02,783 [Worker-71] INFO  o.e.m.c.i.embedder.EclipseLogger - skip non existing resourceDirectory C:\Users\Administrator\Documents\GitHub\New_JEE\WebServices\Spring_300_MvcJPARestNg\src\main\resources
2018-12-18 12:47:02,783 [Worker-71] WARN  o.e.m.c.i.embedder.EclipseLogger - Using platform encoding (Cp1252 actually) to copy filtered resources, i.e. build is platform dependent!
2018-12-18 12:47:02,783 [Worker-71] INFO  o.e.m.c.i.embedder.EclipseLogger - skip non existing resourceDirectory C:\Users\Administrator\Documents\GitHub\New_JEE\WebServices\Spring_300_MvcJPARestNg\src\test\resources
2018-12-18 12:47:17,344 [Worker-69] WARN  o.e.m.c.i.embedder.EclipseLogger - Using platform encoding (Cp1252 actually) to copy filtered resources, i.e. build is platform dependent!
2018-12-18 12:47:17,344 [Worker-69] INFO  o.e.m.c.i.embedder.EclipseLogger - skip non existing resourceDirectory C:\Users\Administrator\Documents\GitHub\New_JEE\WebServices\Spring_300_MvcJPARestNg\src\main\resources
2018-12-18 12:47:17,344 [Worker-69] WARN  o.e.m.c.i.embedder.EclipseLogger - Using platform encoding (Cp1252 actually) to copy filtered resources, i.e. build is platform dependent!
2018-12-18 12:47:17,344 [Worker-69] INFO  o.e.m.c.i.embedder.EclipseLogger - skip non existing resourceDirectory C:\Users\Administrator\Documents\GitHub\New_JEE\WebServices\Spring_300_MvcJPARestNg\src\test\resources
2018-12-18 12:47:47,597 [Worker-64] WARN  o.e.m.c.i.embedder.EclipseLogger - Using platform encoding (Cp1252 actually) to copy filtered resources, i.e. build is platform dependent!
2018-12-18 12:47:47,597 [Worker-64] INFO  o.e.m.c.i.embedder.EclipseLogger - skip non existing resourceDirectory C:\Users\Administrator\Documents\GitHub\New_JEE\WebServices\Spring_300_MvcJPARestNg\src\main\resources
2018-12-18 12:47:47,597 [Worker-64] WARN  o.e.m.c.i.embedder.EclipseLogger - Using platform encoding (Cp1252 actually) to copy filtered resources, i.e. build is platform dependent!
2018-12-18 12:47:47,597 [Worker-64] INFO  o.e.m.c.i.embedder.EclipseLogger - skip non existing resourceDirectory C:\Users\Administrator\Documents\GitHub\New_JEE\WebServices\Spring_300_MvcJPARestNg\src\test\resources
2018-12-18 12:50:57,086 [Worker-69] WARN  o.e.m.c.i.embedder.EclipseLogger - Using platform encoding (Cp1252 actually) to copy filtered resources, i.e. build is platform dependent!
2018-12-18 12:50:57,086 [Worker-69] INFO  o.e.m.c.i.embedder.EclipseLogger - skip non existing resourceDirectory C:\Users\Administrator\Documents\GitHub\New_JEE\WebServices\Spring_300_MvcJPARestNg\src\main\resources
2018-12-18 12:50:57,102 [Worker-69] WARN  o.e.m.c.i.embedder.EclipseLogger - Using platform encoding (Cp1252 actually) to copy filtered resources, i.e. build is platform dependent!
2018-12-18 12:50:57,102 [Worker-69] INFO  o.e.m.c.i.embedder.EclipseLogger - skip non existing resourceDirectory C:\Users\Administrator\Documents\GitHub\New_JEE\WebServices\Spring_300_MvcJPARestNg\src\test\resources
2018-12-18 12:51:12,708 [Worker-62] WARN  o.e.m.c.i.embedder.EclipseLogger - Using platform encoding (Cp1252 actually) to copy filtered resources, i.e. build is platform dependent!
2018-12-18 12:51:12,723 [Worker-62] INFO  o.e.m.c.i.embedder.EclipseLogger - skip non existing resourceDirectory C:\Users\Administrator\Documents\GitHub\New_JEE\WebServices\Spring_300_MvcJPARestNg\src\main\resources
2018-12-18 12:51:12,723 [Worker-62] WARN  o.e.m.c.i.embedder.EclipseLogger - Using platform encoding (Cp1252 actually) to copy filtered resources, i.e. build is platform dependent!
2018-12-18 12:51:12,723 [Worker-62] INFO  o.e.m.c.i.embedder.EclipseLogger - skip non existing resourceDirectory C:\Users\Administrator\Documents\GitHub\New_JEE\WebServices\Spring_300_MvcJPARestNg\src\test\resources
2018-12-18 12:51:19,952 [Worker-75] WARN  o.e.m.c.i.embedder.EclipseLogger - Using platform encoding (Cp1252 actually) to copy filtered resources, i.e. build is platform dependent!
2018-12-18 12:51:19,952 [Worker-75] INFO  o.e.m.c.i.embedder.EclipseLogger - skip non existing resourceDirectory C:\Users\Administrator\Documents\GitHub\New_JEE\WebServices\Spring_300_MvcJPARestNg\src\main\resources
2018-12-18 12:51:19,952 [Worker-75] WARN  o.e.m.c.i.embedder.EclipseLogger - Using platform encoding (Cp1252 actually) to copy filtered resources, i.e. build is platform dependent!
2018-12-18 12:51:19,952 [Worker-75] INFO  o.e.m.c.i.embedder.EclipseLogger - skip non existing resourceDirectory C:\Users\Administrator\Documents\GitHub\New_JEE\WebServices\Spring_300_MvcJPARestNg\src\test\resources
2018-12-18 12:51:48,128 [Worker-75] WARN  o.e.m.c.i.embedder.EclipseLogger - Using platform encoding (Cp1252 actually) to copy filtered resources, i.e. build is platform dependent!
2018-12-18 12:51:48,143 [Worker-75] INFO  o.e.m.c.i.embedder.EclipseLogger - skip non existing resourceDirectory C:\Users\Administrator\Documents\GitHub\New_JEE\WebServices\Spring_300_MvcJPARestNg\src\main\resources
2018-12-18 12:51:48,143 [Worker-75] WARN  o.e.m.c.i.embedder.EclipseLogger - Using platform encoding (Cp1252 actually) to copy filtered resources, i.e. build is platform dependent!
2018-12-18 12:51:48,143 [Worker-75] INFO  o.e.m.c.i.embedder.EclipseLogger - skip non existing resourceDirectory C:\Users\Administrator\Documents\GitHub\New_JEE\WebServices\Spring_300_MvcJPARestNg\src\test\resources
2018-12-18 12:51:56,366 [Worker-64] WARN  o.e.m.c.i.embedder.EclipseLogger - Using platform encoding (Cp1252 actually) to copy filtered resources, i.e. build is platform dependent!
2018-12-18 12:51:56,366 [Worker-64] INFO  o.e.m.c.i.embedder.EclipseLogger - skip non existing resourceDirectory C:\Users\Administrator\Documents\GitHub\New_JEE\WebServices\Spring_300_MvcJPARestNg\src\main\resources
2018-12-18 12:51:56,366 [Worker-64] WARN  o.e.m.c.i.embedder.EclipseLogger - Using platform encoding (Cp1252 actually) to copy filtered resources, i.e. build is platform dependent!
2018-12-18 12:51:56,366 [Worker-64] INFO  o.e.m.c.i.embedder.EclipseLogger - skip non existing resourceDirectory C:\Users\Administrator\Documents\GitHub\New_JEE\WebServices\Spring_300_MvcJPARestNg\src\test\resources
2018-12-18 12:54:32,311 [Worker-67] WARN  o.e.m.c.i.embedder.EclipseLogger - Using platform encoding (Cp1252 actually) to copy filtered resources, i.e. build is platform dependent!
2018-12-18 12:54:32,311 [Worker-67] INFO  o.e.m.c.i.embedder.EclipseLogger - skip non existing resourceDirectory C:\Users\Administrator\Documents\GitHub\New_JEE\WebServices\Spring_300_MvcJPARestNg\src\main\resources
2018-12-18 12:54:32,311 [Worker-67] WARN  o.e.m.c.i.embedder.EclipseLogger - Using platform encoding (Cp1252 actually) to copy filtered resources, i.e. build is platform dependent!
2018-12-18 12:54:32,311 [Worker-67] INFO  o.e.m.c.i.embedder.EclipseLogger - skip non existing resourceDirectory C:\Users\Administrator\Documents\GitHub\New_JEE\WebServices\Spring_300_MvcJPARestNg\src\test\resources
2018-12-18 12:55:47,078 [Worker-62] WARN  o.e.m.c.i.embedder.EclipseLogger - Using platform encoding (Cp1252 actually) to copy filtered resources, i.e. build is platform dependent!
2018-12-18 12:55:47,078 [Worker-62] INFO  o.e.m.c.i.embedder.EclipseLogger - skip non existing resourceDirectory C:\Users\Administrator\Documents\GitHub\New_JEE\WebServices\Spring_300_MvcJPARestNg\src\main\resources
2018-12-18 12:55:47,078 [Worker-62] WARN  o.e.m.c.i.embedder.EclipseLogger - Using platform encoding (Cp1252 actually) to copy filtered resources, i.e. build is platform dependent!
2018-12-18 12:55:47,094 [Worker-62] INFO  o.e.m.c.i.embedder.EclipseLogger - skip non existing resourceDirectory C:\Users\Administrator\Documents\GitHub\New_JEE\WebServices\Spring_300_MvcJPARestNg\src\test\resources
2018-12-18 12:58:38,175 [Worker-67] WARN  o.e.m.c.i.embedder.EclipseLogger - Using platform encoding (Cp1252 actually) to copy filtered resources, i.e. build is platform dependent!
2018-12-18 12:58:38,175 [Worker-67] INFO  o.e.m.c.i.embedder.EclipseLogger - skip non existing resourceDirectory C:\Users\Administrator\Documents\GitHub\New_JEE\WebServices\Spring_300_MvcJPARestNg\src\main\resources
2018-12-18 12:58:38,175 [Worker-67] WARN  o.e.m.c.i.embedder.EclipseLogger - Using platform encoding (Cp1252 actually) to copy filtered resources, i.e. build is platform dependent!
2018-12-18 12:58:38,175 [Worker-67] INFO  o.e.m.c.i.embedder.EclipseLogger - skip non existing resourceDirectory C:\Users\Administrator\Documents\GitHub\New_JEE\WebServices\Spring_300_MvcJPARestNg\src\test\resources
2018-12-18 13:05:34,378 [Worker-76] WARN  o.e.m.c.i.embedder.EclipseLogger - Using platform encoding (Cp1252 actually) to copy filtered resources, i.e. build is platform dependent!
2018-12-18 13:05:34,378 [Worker-76] INFO  o.e.m.c.i.embedder.EclipseLogger - skip non existing resourceDirectory C:\Users\Administrator\Documents\GitHub\New_JEE\WebServices\Spring_300_MvcJPARestNg\src\main\resources
2018-12-18 13:05:34,378 [Worker-76] WARN  o.e.m.c.i.embedder.EclipseLogger - Using platform encoding (Cp1252 actually) to copy filtered resources, i.e. build is platform dependent!
2018-12-18 13:05:34,378 [Worker-76] INFO  o.e.m.c.i.embedder.EclipseLogger - skip non existing resourceDirectory C:\Users\Administrator\Documents\GitHub\New_JEE\WebServices\Spring_300_MvcJPARestNg\src\test\resources
2018-12-18 13:09:08,468 [Worker-71] WARN  o.e.m.c.i.embedder.EclipseLogger - Using platform encoding (Cp1252 actually) to copy filtered resources, i.e. build is platform dependent!
2018-12-18 13:09:08,468 [Worker-71] INFO  o.e.m.c.i.embedder.EclipseLogger - skip non existing resourceDirectory C:\Users\Administrator\Documents\GitHub\New_JEE\WebServices\Spring_300_MvcJPARestNg\src\main\resources
2018-12-18 13:09:08,468 [Worker-71] WARN  o.e.m.c.i.embedder.EclipseLogger - Using platform encoding (Cp1252 actually) to copy filtered resources, i.e. build is platform dependent!
2018-12-18 13:09:08,468 [Worker-71] INFO  o.e.m.c.i.embedder.EclipseLogger - skip non existing resourceDirectory C:\Users\Administrator\Documents\GitHub\New_JEE\WebServices\Spring_300_MvcJPARestNg\src\test\resources
2018-12-18 13:15:49,684 [Worker-67] WARN  o.e.m.c.i.embedder.EclipseLogger - Using platform encoding (Cp1252 actually) to copy filtered resources, i.e. build is platform dependent!
2018-12-18 13:15:49,684 [Worker-67] INFO  o.e.m.c.i.embedder.EclipseLogger - skip non existing resourceDirectory C:\Users\Administrator\Documents\GitHub\New_JEE\WebServices\Spring_300_MvcJPARestNg\src\main\resources
2018-12-18 13:15:49,684 [Worker-67] WARN  o.e.m.c.i.embedder.EclipseLogger - Using platform encoding (Cp1252 actually) to copy filtered resources, i.e. build is platform dependent!
2018-12-18 13:15:49,684 [Worker-67] INFO  o.e.m.c.i.embedder.EclipseLogger - skip non existing resourceDirectory C:\Users\Administrator\Documents\GitHub\New_JEE\WebServices\Spring_300_MvcJPARestNg\src\test\resources
2018-12-18 13:15:53,992 [Worker-76] WARN  o.e.m.c.i.embedder.EclipseLogger - Using platform encoding (Cp1252 actually) to copy filtered resources, i.e. build is platform dependent!
2018-12-18 13:15:53,992 [Worker-76] INFO  o.e.m.c.i.embedder.EclipseLogger - skip non existing resourceDirectory C:\Users\Administrator\Documents\GitHub\New_JEE\WebServices\Spring_300_MvcJPARestNg\src\main\resources
2018-12-18 13:15:53,992 [Worker-76] WARN  o.e.m.c.i.embedder.EclipseLogger - Using platform encoding (Cp1252 actually) to copy filtered resources, i.e. build is platform dependent!
2018-12-18 13:15:53,992 [Worker-76] INFO  o.e.m.c.i.embedder.EclipseLogger - skip non existing resourceDirectory C:\Users\Administrator\Documents\GitHub\New_JEE\WebServices\Spring_300_MvcJPARestNg\src\test\resources
2018-12-18 13:15:56,332 [Worker-48] WARN  o.e.m.c.i.embedder.EclipseLogger - Using platform encoding (Cp1252 actually) to copy filtered resources, i.e. build is platform dependent!
2018-12-18 13:15:56,332 [Worker-48] INFO  o.e.m.c.i.embedder.EclipseLogger - skip non existing resourceDirectory C:\Users\Administrator\Documents\GitHub\New_JEE\WebServices\Spring_300_MvcJPARestNg\src\main\resources
2018-12-18 13:15:56,332 [Worker-48] WARN  o.e.m.c.i.embedder.EclipseLogger - Using platform encoding (Cp1252 actually) to copy filtered resources, i.e. build is platform dependent!
2018-12-18 13:15:56,332 [Worker-48] INFO  o.e.m.c.i.embedder.EclipseLogger - skip non existing resourceDirectory C:\Users\Administrator\Documents\GitHub\New_JEE\WebServices\Spring_300_MvcJPARestNg\src\test\resources
2018-12-18 14:13:30,418 [Worker-62] WARN  o.e.m.c.i.embedder.EclipseLogger - Using platform encoding (Cp1252 actually) to copy filtered resources, i.e. build is platform dependent!
2018-12-18 14:13:30,419 [Worker-62] INFO  o.e.m.c.i.embedder.EclipseLogger - skip non existing resourceDirectory C:\Users\Administrator\Documents\GitHub\New_JEE\WebServices\Spring_300_MvcJPARestNg\src\main\resources
2018-12-18 14:13:30,420 [Worker-62] WARN  o.e.m.c.i.embedder.EclipseLogger - Using platform encoding (Cp1252 actually) to copy filtered resources, i.e. build is platform dependent!
2018-12-18 14:13:30,421 [Worker-62] INFO  o.e.m.c.i.embedder.EclipseLogger - skip non existing resourceDirectory C:\Users\Administrator\Documents\GitHub\New_JEE\WebServices\Spring_300_MvcJPARestNg\src\test\resources
2018-12-18 14:13:35,612 [Worker-76] WARN  o.e.m.c.i.embedder.EclipseLogger - Using platform encoding (Cp1252 actually) to copy filtered resources, i.e. build is platform dependent!
2018-12-18 14:13:35,613 [Worker-76] INFO  o.e.m.c.i.embedder.EclipseLogger - skip non existing resourceDirectory C:\Users\Administrator\Documents\GitHub\New_JEE\WebServices\Spring_300_MvcJPARestNg\src\main\resources
2018-12-18 14:13:35,615 [Worker-76] WARN  o.e.m.c.i.embedder.EclipseLogger - Using platform encoding (Cp1252 actually) to copy filtered resources, i.e. build is platform dependent!
2018-12-18 14:13:35,615 [Worker-76] INFO  o.e.m.c.i.embedder.EclipseLogger - skip non existing resourceDirectory C:\Users\Administrator\Documents\GitHub\New_JEE\WebServices\Spring_300_MvcJPARestNg\src\test\resources
2018-12-18 14:13:49,050 [Worker-80] WARN  o.e.m.c.i.embedder.EclipseLogger - Using platform encoding (Cp1252 actually) to copy filtered resources, i.e. build is platform dependent!
2018-12-18 14:13:49,051 [Worker-80] INFO  o.e.m.c.i.embedder.EclipseLogger - skip non existing resourceDirectory C:\Users\Administrator\Documents\GitHub\New_JEE\WebServices\Spring_300_MvcJPARestNg\src\main\resources
2018-12-18 14:13:49,051 [Worker-80] WARN  o.e.m.c.i.embedder.EclipseLogger - Using platform encoding (Cp1252 actually) to copy filtered resources, i.e. build is platform dependent!
2018-12-18 14:13:49,052 [Worker-80] INFO  o.e.m.c.i.embedder.EclipseLogger - skip non existing resourceDirectory C:\Users\Administrator\Documents\GitHub\New_JEE\WebServices\Spring_300_MvcJPARestNg\src\test\resources
2018-12-18 14:14:43,598 [Worker-62] WARN  o.e.m.c.i.embedder.EclipseLogger - Using platform encoding (Cp1252 actually) to copy filtered resources, i.e. build is platform dependent!
2018-12-18 14:14:43,599 [Worker-62] INFO  o.e.m.c.i.embedder.EclipseLogger - skip non existing resourceDirectory C:\Users\Administrator\Documents\GitHub\New_JEE\WebServices\Spring_300_MvcJPARestNg\src\main\resources
2018-12-18 14:14:43,600 [Worker-62] WARN  o.e.m.c.i.embedder.EclipseLogger - Using platform encoding (Cp1252 actually) to copy filtered resources, i.e. build is platform dependent!
2018-12-18 14:14:43,600 [Worker-62] INFO  o.e.m.c.i.embedder.EclipseLogger - skip non existing resourceDirectory C:\Users\Administrator\Documents\GitHub\New_JEE\WebServices\Spring_300_MvcJPARestNg\src\test\resources
2018-12-18 14:15:48,482 [Worker-83] WARN  o.e.m.c.i.embedder.EclipseLogger - Using platform encoding (Cp1252 actually) to copy filtered resources, i.e. build is platform dependent!
2018-12-18 14:15:48,484 [Worker-83] INFO  o.e.m.c.i.embedder.EclipseLogger - skip non existing resourceDirectory C:\Users\Administrator\Documents\GitHub\New_JEE\WebServices\Spring_300_MvcJPARestNg\src\main\resources
2018-12-18 14:15:48,486 [Worker-83] WARN  o.e.m.c.i.embedder.EclipseLogger - Using platform encoding (Cp1252 actually) to copy filtered resources, i.e. build is platform dependent!
2018-12-18 14:15:48,487 [Worker-83] INFO  o.e.m.c.i.embedder.EclipseLogger - skip non existing resourceDirectory C:\Users\Administrator\Documents\GitHub\New_JEE\WebServices\Spring_300_MvcJPARestNg\src\test\resources
2018-12-18 14:16:02,274 [Worker-82] WARN  o.e.m.c.i.embedder.EclipseLogger - Using platform encoding (Cp1252 actually) to copy filtered resources, i.e. build is platform dependent!
2018-12-18 14:16:02,274 [Worker-82] INFO  o.e.m.c.i.embedder.EclipseLogger - skip non existing resourceDirectory C:\Users\Administrator\Documents\GitHub\New_JEE\WebServices\Spring_300_MvcJPARestNg\src\main\resources
2018-12-18 14:16:02,275 [Worker-82] WARN  o.e.m.c.i.embedder.EclipseLogger - Using platform encoding (Cp1252 actually) to copy filtered resources, i.e. build is platform dependent!
2018-12-18 14:16:02,275 [Worker-82] INFO  o.e.m.c.i.embedder.EclipseLogger - skip non existing resourceDirectory C:\Users\Administrator\Documents\GitHub\New_JEE\WebServices\Spring_300_MvcJPARestNg\src\test\resources
2018-12-18 14:16:05,917 [Worker-83] WARN  o.e.m.c.i.embedder.EclipseLogger - Using platform encoding (Cp1252 actually) to copy filtered resources, i.e. build is platform dependent!
2018-12-18 14:16:05,918 [Worker-83] INFO  o.e.m.c.i.embedder.EclipseLogger - skip non existing resourceDirectory C:\Users\Administrator\Documents\GitHub\New_JEE\WebServices\Spring_300_MvcJPARestNg\src\main\resources
2018-12-18 14:16:05,919 [Worker-83] WARN  o.e.m.c.i.embedder.EclipseLogger - Using platform encoding (Cp1252 actually) to copy filtered resources, i.e. build is platform dependent!
2018-12-18 14:16:05,922 [Worker-83] INFO  o.e.m.c.i.embedder.EclipseLogger - skip non existing resourceDirectory C:\Users\Administrator\Documents\GitHub\New_JEE\WebServices\Spring_300_MvcJPARestNg\src\test\resources
2018-12-18 14:16:09,839 [Worker-76] WARN  o.e.m.c.i.embedder.EclipseLogger - Using platform encoding (Cp1252 actually) to copy filtered resources, i.e. build is platform dependent!
2018-12-18 14:16:09,840 [Worker-76] INFO  o.e.m.c.i.embedder.EclipseLogger - skip non existing resourceDirectory C:\Users\Administrator\Documents\GitHub\New_JEE\WebServices\Spring_300_MvcJPARestNg\src\main\resources
2018-12-18 14:16:09,841 [Worker-76] WARN  o.e.m.c.i.embedder.EclipseLogger - Using platform encoding (Cp1252 actually) to copy filtered resources, i.e. build is platform dependent!
2018-12-18 14:16:09,843 [Worker-76] INFO  o.e.m.c.i.embedder.EclipseLogger - skip non existing resourceDirectory C:\Users\Administrator\Documents\GitHub\New_JEE\WebServices\Spring_300_MvcJPARestNg\src\test\resources
2018-12-18 14:16:16,055 [Worker-81] WARN  o.e.m.c.i.embedder.EclipseLogger - Using platform encoding (Cp1252 actually) to copy filtered resources, i.e. build is platform dependent!
2018-12-18 14:16:16,056 [Worker-81] INFO  o.e.m.c.i.embedder.EclipseLogger - skip non existing resourceDirectory C:\Users\Administrator\Documents\GitHub\New_JEE\WebServices\Spring_300_MvcJPARestNg\src\main\resources
2018-12-18 14:16:16,058 [Worker-81] WARN  o.e.m.c.i.embedder.EclipseLogger - Using platform encoding (Cp1252 actually) to copy filtered resources, i.e. build is platform dependent!
2018-12-18 14:16:16,059 [Worker-81] INFO  o.e.m.c.i.embedder.EclipseLogger - skip non existing resourceDirectory C:\Users\Administrator\Documents\GitHub\New_JEE\WebServices\Spring_300_MvcJPARestNg\src\test\resources
2018-12-18 14:16:23,374 [Worker-81] WARN  o.e.m.c.i.embedder.EclipseLogger - Using platform encoding (Cp1252 actually) to copy filtered resources, i.e. build is platform dependent!
2018-12-18 14:16:23,375 [Worker-81] INFO  o.e.m.c.i.embedder.EclipseLogger - skip non existing resourceDirectory C:\Users\Administrator\Documents\GitHub\New_JEE\WebServices\Spring_300_MvcJPARestNg\src\main\resources
2018-12-18 14:16:23,376 [Worker-81] WARN  o.e.m.c.i.embedder.EclipseLogger - Using platform encoding (Cp1252 actually) to copy filtered resources, i.e. build is platform dependent!
2018-12-18 14:16:23,377 [Worker-81] INFO  o.e.m.c.i.embedder.EclipseLogger - skip non existing resourceDirectory C:\Users\Administrator\Documents\GitHub\New_JEE\WebServices\Spring_300_MvcJPARestNg\src\test\resources
2018-12-18 14:16:55,484 [Worker-85] WARN  o.e.m.c.i.embedder.EclipseLogger - Using platform encoding (Cp1252 actually) to copy filtered resources, i.e. build is platform dependent!
2018-12-18 14:16:55,485 [Worker-85] INFO  o.e.m.c.i.embedder.EclipseLogger - skip non existing resourceDirectory C:\Users\Administrator\Documents\GitHub\New_JEE\WebServices\Spring_300_MvcJPARestNg\src\main\resources
2018-12-18 14:16:55,486 [Worker-85] WARN  o.e.m.c.i.embedder.EclipseLogger - Using platform encoding (Cp1252 actually) to copy filtered resources, i.e. build is platform dependent!
2018-12-18 14:16:55,488 [Worker-85] INFO  o.e.m.c.i.embedder.EclipseLogger - skip non existing resourceDirectory C:\Users\Administrator\Documents\GitHub\New_JEE\WebServices\Spring_300_MvcJPARestNg\src\test\resources
2018-12-18 14:17:34,954 [Worker-62] WARN  o.e.m.c.i.embedder.EclipseLogger - Using platform encoding (Cp1252 actually) to copy filtered resources, i.e. build is platform dependent!
2018-12-18 14:17:34,955 [Worker-62] INFO  o.e.m.c.i.embedder.EclipseLogger - skip non existing resourceDirectory C:\Users\Administrator\Documents\GitHub\New_JEE\WebServices\Spring_300_MvcJPARestNg\src\main\resources
2018-12-18 14:17:34,957 [Worker-62] WARN  o.e.m.c.i.embedder.EclipseLogger - Using platform encoding (Cp1252 actually) to copy filtered resources, i.e. build is platform dependent!
2018-12-18 14:17:34,958 [Worker-62] INFO  o.e.m.c.i.embedder.EclipseLogger - skip non existing resourceDirectory C:\Users\Administrator\Documents\GitHub\New_JEE\WebServices\Spring_300_MvcJPARestNg\src\test\resources
2018-12-18 14:18:36,424 [Worker-76] WARN  o.e.m.c.i.embedder.EclipseLogger - Using platform encoding (Cp1252 actually) to copy filtered resources, i.e. build is platform dependent!
2018-12-18 14:18:36,425 [Worker-76] INFO  o.e.m.c.i.embedder.EclipseLogger - skip non existing resourceDirectory C:\Users\Administrator\Documents\GitHub\New_JEE\WebServices\Spring_300_MvcJPARestNg\src\main\resources
2018-12-18 14:18:36,426 [Worker-76] WARN  o.e.m.c.i.embedder.EclipseLogger - Using platform encoding (Cp1252 actually) to copy filtered resources, i.e. build is platform dependent!
2018-12-18 14:18:36,427 [Worker-76] INFO  o.e.m.c.i.embedder.EclipseLogger - skip non existing resourceDirectory C:\Users\Administrator\Documents\GitHub\New_JEE\WebServices\Spring_300_MvcJPARestNg\src\test\resources
2018-12-18 14:18:56,201 [Worker-80] WARN  o.e.m.c.i.embedder.EclipseLogger - Using platform encoding (Cp1252 actually) to copy filtered resources, i.e. build is platform dependent!
2018-12-18 14:18:56,202 [Worker-80] INFO  o.e.m.c.i.embedder.EclipseLogger - skip non existing resourceDirectory C:\Users\Administrator\Documents\GitHub\New_JEE\WebServices\Spring_300_MvcJPARestNg\src\main\resources
2018-12-18 14:18:56,203 [Worker-80] WARN  o.e.m.c.i.embedder.EclipseLogger - Using platform encoding (Cp1252 actually) to copy filtered resources, i.e. build is platform dependent!
2018-12-18 14:18:56,204 [Worker-80] INFO  o.e.m.c.i.embedder.EclipseLogger - skip non existing resourceDirectory C:\Users\Administrator\Documents\GitHub\New_JEE\WebServices\Spring_300_MvcJPARestNg\src\test\resources
2018-12-18 14:19:34,319 [Worker-82] WARN  o.e.m.c.i.embedder.EclipseLogger - Using platform encoding (Cp1252 actually) to copy filtered resources, i.e. build is platform dependent!
2018-12-18 14:19:34,320 [Worker-82] INFO  o.e.m.c.i.embedder.EclipseLogger - skip non existing resourceDirectory C:\Users\Administrator\Documents\GitHub\New_JEE\WebServices\Spring_300_MvcJPARestNg\src\main\resources
2018-12-18 14:19:34,321 [Worker-82] WARN  o.e.m.c.i.embedder.EclipseLogger - Using platform encoding (Cp1252 actually) to copy filtered resources, i.e. build is platform dependent!
2018-12-18 14:19:34,322 [Worker-82] INFO  o.e.m.c.i.embedder.EclipseLogger - skip non existing resourceDirectory C:\Users\Administrator\Documents\GitHub\New_JEE\WebServices\Spring_300_MvcJPARestNg\src\test\resources
2018-12-18 14:21:38,809 [Worker-85] WARN  o.e.m.c.i.embedder.EclipseLogger - Using platform encoding (Cp1252 actually) to copy filtered resources, i.e. build is platform dependent!
2018-12-18 14:21:38,809 [Worker-85] INFO  o.e.m.c.i.embedder.EclipseLogger - skip non existing resourceDirectory C:\Users\Administrator\Documents\GitHub\New_JEE\WebServices\Spring_300_MvcJPARestNg\src\main\resources
2018-12-18 14:21:38,810 [Worker-85] WARN  o.e.m.c.i.embedder.EclipseLogger - Using platform encoding (Cp1252 actually) to copy filtered resources, i.e. build is platform dependent!
2018-12-18 14:21:38,811 [Worker-85] INFO  o.e.m.c.i.embedder.EclipseLogger - skip non existing resourceDirectory C:\Users\Administrator\Documents\GitHub\New_JEE\WebServices\Spring_300_MvcJPARestNg\src\test\resources
2018-12-18 14:21:41,082 [Worker-82] WARN  o.e.m.c.i.embedder.EclipseLogger - Using platform encoding (Cp1252 actually) to copy filtered resources, i.e. build is platform dependent!
2018-12-18 14:21:41,082 [Worker-82] INFO  o.e.m.c.i.embedder.EclipseLogger - skip non existing resourceDirectory C:\Users\Administrator\Documents\GitHub\New_JEE\WebServices\Spring_300_MvcJPARestNg\src\main\resources
2018-12-18 14:21:41,084 [Worker-82] WARN  o.e.m.c.i.embedder.EclipseLogger - Using platform encoding (Cp1252 actually) to copy filtered resources, i.e. build is platform dependent!
2018-12-18 14:21:41,085 [Worker-82] INFO  o.e.m.c.i.embedder.EclipseLogger - skip non existing resourceDirectory C:\Users\Administrator\Documents\GitHub\New_JEE\WebServices\Spring_300_MvcJPARestNg\src\test\resources
2018-12-18 14:21:44,421 [Worker-82] WARN  o.e.m.c.i.embedder.EclipseLogger - Using platform encoding (Cp1252 actually) to copy filtered resources, i.e. build is platform dependent!
2018-12-18 14:21:44,422 [Worker-82] INFO  o.e.m.c.i.embedder.EclipseLogger - skip non existing resourceDirectory C:\Users\Administrator\Documents\GitHub\New_JEE\WebServices\Spring_300_MvcJPARestNg\src\main\resources
2018-12-18 14:21:44,422 [Worker-82] WARN  o.e.m.c.i.embedder.EclipseLogger - Using platform encoding (Cp1252 actually) to copy filtered resources, i.e. build is platform dependent!
2018-12-18 14:21:44,423 [Worker-82] INFO  o.e.m.c.i.embedder.EclipseLogger - skip non existing resourceDirectory C:\Users\Administrator\Documents\GitHub\New_JEE\WebServices\Spring_300_MvcJPARestNg\src\test\resources
2018-12-18 14:23:24,735 [Worker-81] WARN  o.e.m.c.i.embedder.EclipseLogger - Using platform encoding (Cp1252 actually) to copy filtered resources, i.e. build is platform dependent!
2018-12-18 14:23:24,736 [Worker-81] INFO  o.e.m.c.i.embedder.EclipseLogger - skip non existing resourceDirectory C:\Users\Administrator\Documents\GitHub\New_JEE\WebServices\Spring_300_MvcJPARestNg\src\main\resources
2018-12-18 14:23:24,736 [Worker-81] WARN  o.e.m.c.i.embedder.EclipseLogger - Using platform encoding (Cp1252 actually) to copy filtered resources, i.e. build is platform dependent!
2018-12-18 14:23:24,738 [Worker-81] INFO  o.e.m.c.i.embedder.EclipseLogger - skip non existing resourceDirectory C:\Users\Administrator\Documents\GitHub\New_JEE\WebServices\Spring_300_MvcJPARestNg\src\test\resources
2018-12-18 14:24:22,910 [Worker-83] WARN  o.e.m.c.i.embedder.EclipseLogger - Using platform encoding (Cp1252 actually) to copy filtered resources, i.e. build is platform dependent!
2018-12-18 14:24:22,911 [Worker-83] INFO  o.e.m.c.i.embedder.EclipseLogger - skip non existing resourceDirectory C:\Users\Administrator\Documents\GitHub\New_JEE\WebServices\Spring_300_MvcJPARestNg\src\main\resources
2018-12-18 14:24:22,912 [Worker-83] WARN  o.e.m.c.i.embedder.EclipseLogger - Using platform encoding (Cp1252 actually) to copy filtered resources, i.e. build is platform dependent!
2018-12-18 14:24:22,913 [Worker-83] INFO  o.e.m.c.i.embedder.EclipseLogger - skip non existing resourceDirectory C:\Users\Administrator\Documents\GitHub\New_JEE\WebServices\Spring_300_MvcJPARestNg\src\test\resources
2018-12-18 14:24:30,742 [Worker-83] WARN  o.e.m.c.i.embedder.EclipseLogger - Using platform encoding (Cp1252 actually) to copy filtered resources, i.e. build is platform dependent!
2018-12-18 14:24:30,742 [Worker-83] INFO  o.e.m.c.i.embedder.EclipseLogger - skip non existing resourceDirectory C:\Users\Administrator\Documents\GitHub\New_JEE\WebServices\Spring_300_MvcJPARestNg\src\main\resources
2018-12-18 14:24:30,743 [Worker-83] WARN  o.e.m.c.i.embedder.EclipseLogger - Using platform encoding (Cp1252 actually) to copy filtered resources, i.e. build is platform dependent!
2018-12-18 14:24:30,744 [Worker-83] INFO  o.e.m.c.i.embedder.EclipseLogger - skip non existing resourceDirectory C:\Users\Administrator\Documents\GitHub\New_JEE\WebServices\Spring_300_MvcJPARestNg\src\test\resources
2018-12-18 14:24:46,576 [Worker-62] WARN  o.e.m.c.i.embedder.EclipseLogger - Using platform encoding (Cp1252 actually) to copy filtered resources, i.e. build is platform dependent!
2018-12-18 14:24:46,576 [Worker-62] INFO  o.e.m.c.i.embedder.EclipseLogger - skip non existing resourceDirectory C:\Users\Administrator\Documents\GitHub\New_JEE\WebServices\Spring_300_MvcJPARestNg\src\main\resources
2018-12-18 14:24:46,577 [Worker-62] WARN  o.e.m.c.i.embedder.EclipseLogger - Using platform encoding (Cp1252 actually) to copy filtered resources, i.e. build is platform dependent!
2018-12-18 14:24:46,577 [Worker-62] INFO  o.e.m.c.i.embedder.EclipseLogger - skip non existing resourceDirectory C:\Users\Administrator\Documents\GitHub\New_JEE\WebServices\Spring_300_MvcJPARestNg\src\test\resources
2018-12-18 14:25:26,912 [Worker-76] WARN  o.e.m.c.i.embedder.EclipseLogger - Using platform encoding (Cp1252 actually) to copy filtered resources, i.e. build is platform dependent!
2018-12-18 14:25:26,913 [Worker-76] INFO  o.e.m.c.i.embedder.EclipseLogger - skip non existing resourceDirectory C:\Users\Administrator\Documents\GitHub\New_JEE\WebServices\Spring_300_MvcJPARestNg\src\main\resources
2018-12-18 14:25:26,914 [Worker-76] WARN  o.e.m.c.i.embedder.EclipseLogger - Using platform encoding (Cp1252 actually) to copy filtered resources, i.e. build is platform dependent!
2018-12-18 14:25:26,915 [Worker-76] INFO  o.e.m.c.i.embedder.EclipseLogger - skip non existing resourceDirectory C:\Users\Administrator\Documents\GitHub\New_JEE\WebServices\Spring_300_MvcJPARestNg\src\test\resources
2018-12-18 14:25:48,240 [Worker-83] WARN  o.e.m.c.i.embedder.EclipseLogger - Using platform encoding (Cp1252 actually) to copy filtered resources, i.e. build is platform dependent!
2018-12-18 14:25:48,241 [Worker-83] INFO  o.e.m.c.i.embedder.EclipseLogger - skip non existing resourceDirectory C:\Users\Administrator\Documents\GitHub\New_JEE\WebServices\Spring_300_MvcJPARestNg\src\main\resources
2018-12-18 14:25:48,242 [Worker-83] WARN  o.e.m.c.i.embedder.EclipseLogger - Using platform encoding (Cp1252 actually) to copy filtered resources, i.e. build is platform dependent!
2018-12-18 14:25:48,242 [Worker-83] INFO  o.e.m.c.i.embedder.EclipseLogger - skip non existing resourceDirectory C:\Users\Administrator\Documents\GitHub\New_JEE\WebServices\Spring_300_MvcJPARestNg\src\test\resources
2018-12-18 14:27:07,037 [Worker-80] WARN  o.e.m.c.i.embedder.EclipseLogger - Using platform encoding (Cp1252 actually) to copy filtered resources, i.e. build is platform dependent!
2018-12-18 14:27:07,038 [Worker-80] INFO  o.e.m.c.i.embedder.EclipseLogger - skip non existing resourceDirectory C:\Users\Administrator\Documents\GitHub\New_JEE\WebServices\Spring_300_MvcJPARestNg\src\main\resources
2018-12-18 14:27:07,039 [Worker-80] WARN  o.e.m.c.i.embedder.EclipseLogger - Using platform encoding (Cp1252 actually) to copy filtered resources, i.e. build is platform dependent!
2018-12-18 14:27:07,039 [Worker-80] INFO  o.e.m.c.i.embedder.EclipseLogger - skip non existing resourceDirectory C:\Users\Administrator\Documents\GitHub\New_JEE\WebServices\Spring_300_MvcJPARestNg\src\test\resources
2018-12-18 14:44:40,039 [Worker-76] WARN  o.e.m.c.i.embedder.EclipseLogger - Using platform encoding (Cp1252 actually) to copy filtered resources, i.e. build is platform dependent!
2018-12-18 14:44:40,040 [Worker-76] INFO  o.e.m.c.i.embedder.EclipseLogger - skip non existing resourceDirectory C:\Users\Administrator\Documents\GitHub\New_JEE\WebServices\Spring_300_MvcJPARestNg\src\main\resources
2018-12-18 14:44:40,041 [Worker-76] WARN  o.e.m.c.i.embedder.EclipseLogger - Using platform encoding (Cp1252 actually) to copy filtered resources, i.e. build is platform dependent!
2018-12-18 14:44:40,042 [Worker-76] INFO  o.e.m.c.i.embedder.EclipseLogger - skip non existing resourceDirectory C:\Users\Administrator\Documents\GitHub\New_JEE\WebServices\Spring_300_MvcJPARestNg\src\test\resources
2018-12-18 14:48:30,075 [Worker-87] WARN  o.e.m.c.i.embedder.EclipseLogger - Using platform encoding (Cp1252 actually) to copy filtered resources, i.e. build is platform dependent!
2018-12-18 14:48:30,076 [Worker-87] INFO  o.e.m.c.i.embedder.EclipseLogger - skip non existing resourceDirectory C:\Users\Administrator\Documents\GitHub\New_JEE\WebServices\Spring_300_MvcJPARestNg\src\main\resources
2018-12-18 14:48:30,077 [Worker-87] WARN  o.e.m.c.i.embedder.EclipseLogger - Using platform encoding (Cp1252 actually) to copy filtered resources, i.e. build is platform dependent!
2018-12-18 14:48:30,078 [Worker-87] INFO  o.e.m.c.i.embedder.EclipseLogger - skip non existing resourceDirectory C:\Users\Administrator\Documents\GitHub\New_JEE\WebServices\Spring_300_MvcJPARestNg\src\test\resources
2018-12-18 14:48:42,638 [Worker-87] WARN  o.e.m.c.i.embedder.EclipseLogger - Using platform encoding (Cp1252 actually) to copy filtered resources, i.e. build is platform dependent!
2018-12-18 14:48:42,639 [Worker-87] INFO  o.e.m.c.i.embedder.EclipseLogger - skip non existing resourceDirectory C:\Users\Administrator\Documents\GitHub\New_JEE\WebServices\Spring_300_MvcJPARestNg\src\main\resources
2018-12-18 14:48:42,640 [Worker-87] WARN  o.e.m.c.i.embedder.EclipseLogger - Using platform encoding (Cp1252 actually) to copy filtered resources, i.e. build is platform dependent!
2018-12-18 14:48:42,641 [Worker-87] INFO  o.e.m.c.i.embedder.EclipseLogger - skip non existing resourceDirectory C:\Users\Administrator\Documents\GitHub\New_JEE\WebServices\Spring_300_MvcJPARestNg\src\test\resources
2018-12-18 14:48:54,479 [Worker-90] WARN  o.e.m.c.i.embedder.EclipseLogger - Using platform encoding (Cp1252 actually) to copy filtered resources, i.e. build is platform dependent!
2018-12-18 14:48:54,480 [Worker-90] INFO  o.e.m.c.i.embedder.EclipseLogger - skip non existing resourceDirectory C:\Users\Administrator\Documents\GitHub\New_JEE\WebServices\Spring_300_MvcJPARestNg\src\main\resources
2018-12-18 14:48:54,482 [Worker-90] WARN  o.e.m.c.i.embedder.EclipseLogger - Using platform encoding (Cp1252 actually) to copy filtered resources, i.e. build is platform dependent!
2018-12-18 14:48:54,484 [Worker-90] INFO  o.e.m.c.i.embedder.EclipseLogger - skip non existing resourceDirectory C:\Users\Administrator\Documents\GitHub\New_JEE\WebServices\Spring_300_MvcJPARestNg\src\test\resources
2018-12-18 14:52:05,446 [Worker-90] WARN  o.e.m.c.i.embedder.EclipseLogger - Using platform encoding (Cp1252 actually) to copy filtered resources, i.e. build is platform dependent!
2018-12-18 14:52:05,447 [Worker-90] INFO  o.e.m.c.i.embedder.EclipseLogger - skip non existing resourceDirectory C:\Users\Administrator\Documents\GitHub\New_JEE\WebServices\Spring_300_MvcJPARestNg\src\main\resources
2018-12-18 14:52:05,447 [Worker-90] WARN  o.e.m.c.i.embedder.EclipseLogger - Using platform encoding (Cp1252 actually) to copy filtered resources, i.e. build is platform dependent!
2018-12-18 14:52:05,448 [Worker-90] INFO  o.e.m.c.i.embedder.EclipseLogger - skip non existing resourceDirectory C:\Users\Administrator\Documents\GitHub\New_JEE\WebServices\Spring_300_MvcJPARestNg\src\test\resources
2018-12-18 14:52:12,125 [Worker-93] WARN  o.e.m.c.i.embedder.EclipseLogger - Using platform encoding (Cp1252 actually) to copy filtered resources, i.e. build is platform dependent!
2018-12-18 14:52:12,126 [Worker-93] INFO  o.e.m.c.i.embedder.EclipseLogger - skip non existing resourceDirectory C:\Users\Administrator\Documents\GitHub\New_JEE\WebServices\Spring_300_MvcJPARestNg\src\main\resources
2018-12-18 14:52:12,127 [Worker-93] WARN  o.e.m.c.i.embedder.EclipseLogger - Using platform encoding (Cp1252 actually) to copy filtered resources, i.e. build is platform dependent!
2018-12-18 14:52:12,127 [Worker-93] INFO  o.e.m.c.i.embedder.EclipseLogger - skip non existing resourceDirectory C:\Users\Administrator\Documents\GitHub\New_JEE\WebServices\Spring_300_MvcJPARestNg\src\test\resources
2018-12-18 14:52:37,553 [Worker-89] WARN  o.e.m.c.i.embedder.EclipseLogger - Using platform encoding (Cp1252 actually) to copy filtered resources, i.e. build is platform dependent!
2018-12-18 14:52:37,554 [Worker-89] INFO  o.e.m.c.i.embedder.EclipseLogger - skip non existing resourceDirectory C:\Users\Administrator\Documents\GitHub\New_JEE\WebServices\Spring_300_MvcJPARestNg\src\main\resources
2018-12-18 14:52:37,555 [Worker-89] WARN  o.e.m.c.i.embedder.EclipseLogger - Using platform encoding (Cp1252 actually) to copy filtered resources, i.e. build is platform dependent!
2018-12-18 14:52:37,556 [Worker-89] INFO  o.e.m.c.i.embedder.EclipseLogger - skip non existing resourceDirectory C:\Users\Administrator\Documents\GitHub\New_JEE\WebServices\Spring_300_MvcJPARestNg\src\test\resources
2018-12-18 14:53:40,852 [Worker-76] WARN  o.e.m.c.i.embedder.EclipseLogger - Using platform encoding (Cp1252 actually) to copy filtered resources, i.e. build is platform dependent!
2018-12-18 14:53:40,853 [Worker-76] INFO  o.e.m.c.i.embedder.EclipseLogger - skip non existing resourceDirectory C:\Users\Administrator\Documents\GitHub\New_JEE\WebServices\Spring_300_MvcJPARestNg\src\main\resources
2018-12-18 14:53:40,854 [Worker-76] WARN  o.e.m.c.i.embedder.EclipseLogger - Using platform encoding (Cp1252 actually) to copy filtered resources, i.e. build is platform dependent!
2018-12-18 14:53:40,856 [Worker-76] INFO  o.e.m.c.i.embedder.EclipseLogger - skip non existing resourceDirectory C:\Users\Administrator\Documents\GitHub\New_JEE\WebServices\Spring_300_MvcJPARestNg\src\test\resources
2018-12-18 14:53:48,652 [Worker-87] WARN  o.e.m.c.i.embedder.EclipseLogger - Using platform encoding (Cp1252 actually) to copy filtered resources, i.e. build is platform dependent!
2018-12-18 14:53:48,652 [Worker-87] INFO  o.e.m.c.i.embedder.EclipseLogger - skip non existing resourceDirectory C:\Users\Administrator\Documents\GitHub\New_JEE\WebServices\Spring_300_MvcJPARestNg\src\main\resources
2018-12-18 14:53:48,654 [Worker-87] WARN  o.e.m.c.i.embedder.EclipseLogger - Using platform encoding (Cp1252 actually) to copy filtered resources, i.e. build is platform dependent!
2018-12-18 14:53:48,655 [Worker-87] INFO  o.e.m.c.i.embedder.EclipseLogger - skip non existing resourceDirectory C:\Users\Administrator\Documents\GitHub\New_JEE\WebServices\Spring_300_MvcJPARestNg\src\test\resources
2018-12-18 14:54:09,509 [Worker-91] WARN  o.e.m.c.i.embedder.EclipseLogger - Using platform encoding (Cp1252 actually) to copy filtered resources, i.e. build is platform dependent!
2018-12-18 14:54:09,510 [Worker-91] INFO  o.e.m.c.i.embedder.EclipseLogger - skip non existing resourceDirectory C:\Users\Administrator\Documents\GitHub\New_JEE\WebServices\Spring_300_MvcJPARestNg\src\main\resources
2018-12-18 14:54:09,511 [Worker-91] WARN  o.e.m.c.i.embedder.EclipseLogger - Using platform encoding (Cp1252 actually) to copy filtered resources, i.e. build is platform dependent!
2018-12-18 14:54:09,511 [Worker-91] INFO  o.e.m.c.i.embedder.EclipseLogger - skip non existing resourceDirectory C:\Users\Administrator\Documents\GitHub\New_JEE\WebServices\Spring_300_MvcJPARestNg\src\test\resources
2018-12-18 14:55:24,545 [Worker-89] WARN  o.e.m.c.i.embedder.EclipseLogger - Using platform encoding (Cp1252 actually) to copy filtered resources, i.e. build is platform dependent!
2018-12-18 14:55:24,546 [Worker-89] INFO  o.e.m.c.i.embedder.EclipseLogger - skip non existing resourceDirectory C:\Users\Administrator\Documents\GitHub\New_JEE\WebServices\Spring_300_MvcJPARestNg\src\main\resources
2018-12-18 14:55:24,547 [Worker-89] WARN  o.e.m.c.i.embedder.EclipseLogger - Using platform encoding (Cp1252 actually) to copy filtered resources, i.e. build is platform dependent!
2018-12-18 14:55:24,548 [Worker-89] INFO  o.e.m.c.i.embedder.EclipseLogger - skip non existing resourceDirectory C:\Users\Administrator\Documents\GitHub\New_JEE\WebServices\Spring_300_MvcJPARestNg\src\test\resources
2018-12-18 14:56:00,631 [Worker-87] WARN  o.e.m.c.i.embedder.EclipseLogger - Using platform encoding (Cp1252 actually) to copy filtered resources, i.e. build is platform dependent!
2018-12-18 14:56:00,632 [Worker-87] INFO  o.e.m.c.i.embedder.EclipseLogger - skip non existing resourceDirectory C:\Users\Administrator\Documents\GitHub\New_JEE\WebServices\Spring_300_MvcJPARestNg\src\main\resources
2018-12-18 14:56:00,633 [Worker-87] WARN  o.e.m.c.i.embedder.EclipseLogger - Using platform encoding (Cp1252 actually) to copy filtered resources, i.e. build is platform dependent!
2018-12-18 14:56:00,634 [Worker-87] INFO  o.e.m.c.i.embedder.EclipseLogger - skip non existing resourceDirectory C:\Users\Administrator\Documents\GitHub\New_JEE\WebServices\Spring_300_MvcJPARestNg\src\test\resources
2018-12-18 14:56:04,532 [Worker-90] WARN  o.e.m.c.i.embedder.EclipseLogger - Using platform encoding (Cp1252 actually) to copy filtered resources, i.e. build is platform dependent!
2018-12-18 14:56:04,533 [Worker-90] INFO  o.e.m.c.i.embedder.EclipseLogger - skip non existing resourceDirectory C:\Users\Administrator\Documents\GitHub\New_JEE\WebServices\Spring_300_MvcJPARestNg\src\main\resources
2018-12-18 14:56:04,534 [Worker-90] WARN  o.e.m.c.i.embedder.EclipseLogger - Using platform encoding (Cp1252 actually) to copy filtered resources, i.e. build is platform dependent!
2018-12-18 14:56:04,534 [Worker-90] INFO  o.e.m.c.i.embedder.EclipseLogger - skip non existing resourceDirectory C:\Users\Administrator\Documents\GitHub\New_JEE\WebServices\Spring_300_MvcJPARestNg\src\test\resources
2018-12-18 14:56:15,758 [Worker-91] WARN  o.e.m.c.i.embedder.EclipseLogger - Using platform encoding (Cp1252 actually) to copy filtered resources, i.e. build is platform dependent!
2018-12-18 14:56:15,759 [Worker-91] INFO  o.e.m.c.i.embedder.EclipseLogger - skip non existing resourceDirectory C:\Users\Administrator\Documents\GitHub\New_JEE\WebServices\Spring_300_MvcJPARestNg\src\main\resources
2018-12-18 14:56:15,761 [Worker-91] WARN  o.e.m.c.i.embedder.EclipseLogger - Using platform encoding (Cp1252 actually) to copy filtered resources, i.e. build is platform dependent!
2018-12-18 14:56:15,762 [Worker-91] INFO  o.e.m.c.i.embedder.EclipseLogger - skip non existing resourceDirectory C:\Users\Administrator\Documents\GitHub\New_JEE\WebServices\Spring_300_MvcJPARestNg\src\test\resources
2018-12-18 14:57:36,019 [Worker-85] WARN  o.e.m.c.i.embedder.EclipseLogger - Using platform encoding (Cp1252 actually) to copy filtered resources, i.e. build is platform dependent!
2018-12-18 14:57:36,019 [Worker-85] INFO  o.e.m.c.i.embedder.EclipseLogger - skip non existing resourceDirectory C:\Users\Administrator\Documents\GitHub\New_JEE\WebServices\Spring_300_MvcJPARestNg\src\main\resources
2018-12-18 14:57:36,020 [Worker-85] WARN  o.e.m.c.i.embedder.EclipseLogger - Using platform encoding (Cp1252 actually) to copy filtered resources, i.e. build is platform dependent!
2018-12-18 14:57:36,021 [Worker-85] INFO  o.e.m.c.i.embedder.EclipseLogger - skip non existing resourceDirectory C:\Users\Administrator\Documents\GitHub\New_JEE\WebServices\Spring_300_MvcJPARestNg\src\test\resources
2018-12-18 14:57:48,645 [Worker-87] WARN  o.e.m.c.i.embedder.EclipseLogger - Using platform encoding (Cp1252 actually) to copy filtered resources, i.e. build is platform dependent!
2018-12-18 14:57:48,646 [Worker-87] INFO  o.e.m.c.i.embedder.EclipseLogger - skip non existing resourceDirectory C:\Users\Administrator\Documents\GitHub\New_JEE\WebServices\Spring_300_MvcJPARestNg\src\main\resources
2018-12-18 14:57:48,647 [Worker-87] WARN  o.e.m.c.i.embedder.EclipseLogger - Using platform encoding (Cp1252 actually) to copy filtered resources, i.e. build is platform dependent!
2018-12-18 14:57:48,648 [Worker-87] INFO  o.e.m.c.i.embedder.EclipseLogger - skip non existing resourceDirectory C:\Users\Administrator\Documents\GitHub\New_JEE\WebServices\Spring_300_MvcJPARestNg\src\test\resources
2018-12-18 14:57:54,302 [Worker-93] WARN  o.e.m.c.i.embedder.EclipseLogger - Using platform encoding (Cp1252 actually) to copy filtered resources, i.e. build is platform dependent!
2018-12-18 14:57:54,303 [Worker-93] INFO  o.e.m.c.i.embedder.EclipseLogger - skip non existing resourceDirectory C:\Users\Administrator\Documents\GitHub\New_JEE\WebServices\Spring_300_MvcJPARestNg\src\main\resources
2018-12-18 14:57:54,303 [Worker-93] WARN  o.e.m.c.i.embedder.EclipseLogger - Using platform encoding (Cp1252 actually) to copy filtered resources, i.e. build is platform dependent!
2018-12-18 14:57:54,304 [Worker-93] INFO  o.e.m.c.i.embedder.EclipseLogger - skip non existing resourceDirectory C:\Users\Administrator\Documents\GitHub\New_JEE\WebServices\Spring_300_MvcJPARestNg\src\test\resources
2018-12-18 14:58:27,525 [Worker-91] WARN  o.e.m.c.i.embedder.EclipseLogger - Using platform encoding (Cp1252 actually) to copy filtered resources, i.e. build is platform dependent!
2018-12-18 14:58:27,525 [Worker-91] INFO  o.e.m.c.i.embedder.EclipseLogger - skip non existing resourceDirectory C:\Users\Administrator\Documents\GitHub\New_JEE\WebServices\Spring_300_MvcJPARestNg\src\main\resources
2018-12-18 14:58:27,527 [Worker-91] WARN  o.e.m.c.i.embedder.EclipseLogger - Using platform encoding (Cp1252 actually) to copy filtered resources, i.e. build is platform dependent!
2018-12-18 14:58:27,527 [Worker-91] INFO  o.e.m.c.i.embedder.EclipseLogger - skip non existing resourceDirectory C:\Users\Administrator\Documents\GitHub\New_JEE\WebServices\Spring_300_MvcJPARestNg\src\test\resources
2018-12-18 14:58:35,503 [Worker-94] WARN  o.e.m.c.i.embedder.EclipseLogger - Using platform encoding (Cp1252 actually) to copy filtered resources, i.e. build is platform dependent!
2018-12-18 14:58:35,503 [Worker-94] INFO  o.e.m.c.i.embedder.EclipseLogger - skip non existing resourceDirectory C:\Users\Administrator\Documents\GitHub\New_JEE\WebServices\Spring_300_MvcJPARestNg\src\main\resources
2018-12-18 14:58:35,504 [Worker-94] WARN  o.e.m.c.i.embedder.EclipseLogger - Using platform encoding (Cp1252 actually) to copy filtered resources, i.e. build is platform dependent!
2018-12-18 14:58:35,505 [Worker-94] INFO  o.e.m.c.i.embedder.EclipseLogger - skip non existing resourceDirectory C:\Users\Administrator\Documents\GitHub\New_JEE\WebServices\Spring_300_MvcJPARestNg\src\test\resources
2018-12-18 14:59:14,844 [Worker-91] WARN  o.e.m.c.i.embedder.EclipseLogger - Using platform encoding (Cp1252 actually) to copy filtered resources, i.e. build is platform dependent!
2018-12-18 14:59:14,845 [Worker-91] INFO  o.e.m.c.i.embedder.EclipseLogger - skip non existing resourceDirectory C:\Users\Administrator\Documents\GitHub\New_JEE\WebServices\Spring_300_MvcJPARestNg\src\main\resources
2018-12-18 14:59:14,846 [Worker-91] WARN  o.e.m.c.i.embedder.EclipseLogger - Using platform encoding (Cp1252 actually) to copy filtered resources, i.e. build is platform dependent!
2018-12-18 14:59:14,847 [Worker-91] INFO  o.e.m.c.i.embedder.EclipseLogger - skip non existing resourceDirectory C:\Users\Administrator\Documents\GitHub\New_JEE\WebServices\Spring_300_MvcJPARestNg\src\test\resources
2018-12-18 14:59:17,134 [Worker-90] WARN  o.e.m.c.i.embedder.EclipseLogger - Using platform encoding (Cp1252 actually) to copy filtered resources, i.e. build is platform dependent!
2018-12-18 14:59:17,134 [Worker-90] INFO  o.e.m.c.i.embedder.EclipseLogger - skip non existing resourceDirectory C:\Users\Administrator\Documents\GitHub\New_JEE\WebServices\Spring_300_MvcJPARestNg\src\main\resources
2018-12-18 14:59:17,136 [Worker-90] WARN  o.e.m.c.i.embedder.EclipseLogger - Using platform encoding (Cp1252 actually) to copy filtered resources, i.e. build is platform dependent!
2018-12-18 14:59:17,136 [Worker-90] INFO  o.e.m.c.i.embedder.EclipseLogger - skip non existing resourceDirectory C:\Users\Administrator\Documents\GitHub\New_JEE\WebServices\Spring_300_MvcJPARestNg\src\test\resources
2018-12-18 14:59:34,674 [Worker-91] WARN  o.e.m.c.i.embedder.EclipseLogger - Using platform encoding (Cp1252 actually) to copy filtered resources, i.e. build is platform dependent!
2018-12-18 14:59:34,675 [Worker-91] INFO  o.e.m.c.i.embedder.EclipseLogger - skip non existing resourceDirectory C:\Users\Administrator\Documents\GitHub\New_JEE\WebServices\Spring_300_MvcJPARestNg\src\main\resources
2018-12-18 14:59:34,676 [Worker-91] WARN  o.e.m.c.i.embedder.EclipseLogger - Using platform encoding (Cp1252 actually) to copy filtered resources, i.e. build is platform dependent!
2018-12-18 14:59:34,677 [Worker-91] INFO  o.e.m.c.i.embedder.EclipseLogger - skip non existing resourceDirectory C:\Users\Administrator\Documents\GitHub\New_JEE\WebServices\Spring_300_MvcJPARestNg\src\test\resources
2018-12-18 15:01:20,770 [Worker-93] WARN  o.e.m.c.i.embedder.EclipseLogger - Using platform encoding (Cp1252 actually) to copy filtered resources, i.e. build is platform dependent!
2018-12-18 15:01:20,771 [Worker-93] INFO  o.e.m.c.i.embedder.EclipseLogger - skip non existing resourceDirectory C:\Users\Administrator\Documents\GitHub\New_JEE\WebServices\Spring_300_MvcJPARestNg\src\main\resources
2018-12-18 15:01:20,772 [Worker-93] WARN  o.e.m.c.i.embedder.EclipseLogger - Using platform encoding (Cp1252 actually) to copy filtered resources, i.e. build is platform dependent!
2018-12-18 15:01:20,773 [Worker-93] INFO  o.e.m.c.i.embedder.EclipseLogger - skip non existing resourceDirectory C:\Users\Administrator\Documents\GitHub\New_JEE\WebServices\Spring_300_MvcJPARestNg\src\test\resources
2018-12-18 15:01:26,489 [Worker-89] WARN  o.e.m.c.i.embedder.EclipseLogger - Using platform encoding (Cp1252 actually) to copy filtered resources, i.e. build is platform dependent!
2018-12-18 15:01:26,490 [Worker-89] INFO  o.e.m.c.i.embedder.EclipseLogger - skip non existing resourceDirectory C:\Users\Administrator\Documents\GitHub\New_JEE\WebServices\Spring_300_MvcJPARestNg\src\main\resources
2018-12-18 15:01:26,491 [Worker-89] WARN  o.e.m.c.i.embedder.EclipseLogger - Using platform encoding (Cp1252 actually) to copy filtered resources, i.e. build is platform dependent!
2018-12-18 15:01:26,492 [Worker-89] INFO  o.e.m.c.i.embedder.EclipseLogger - skip non existing resourceDirectory C:\Users\Administrator\Documents\GitHub\New_JEE\WebServices\Spring_300_MvcJPARestNg\src\test\resources
2018-12-18 15:01:33,022 [Worker-95] WARN  o.e.m.c.i.embedder.EclipseLogger - Using platform encoding (Cp1252 actually) to copy filtered resources, i.e. build is platform dependent!
2018-12-18 15:01:33,023 [Worker-95] INFO  o.e.m.c.i.embedder.EclipseLogger - skip non existing resourceDirectory C:\Users\Administrator\Documents\GitHub\New_JEE\WebServices\Spring_300_MvcJPARestNg\src\main\resources
2018-12-18 15:01:33,024 [Worker-95] WARN  o.e.m.c.i.embedder.EclipseLogger - Using platform encoding (Cp1252 actually) to copy filtered resources, i.e. build is platform dependent!
2018-12-18 15:01:33,024 [Worker-95] INFO  o.e.m.c.i.embedder.EclipseLogger - skip non existing resourceDirectory C:\Users\Administrator\Documents\GitHub\New_JEE\WebServices\Spring_300_MvcJPARestNg\src\test\resources
2018-12-18 15:01:45,965 [Worker-89] WARN  o.e.m.c.i.embedder.EclipseLogger - Using platform encoding (Cp1252 actually) to copy filtered resources, i.e. build is platform dependent!
2018-12-18 15:01:45,966 [Worker-89] INFO  o.e.m.c.i.embedder.EclipseLogger - skip non existing resourceDirectory C:\Users\Administrator\Documents\GitHub\New_JEE\WebServices\Spring_300_MvcJPARestNg\src\main\resources
2018-12-18 15:01:45,967 [Worker-89] WARN  o.e.m.c.i.embedder.EclipseLogger - Using platform encoding (Cp1252 actually) to copy filtered resources, i.e. build is platform dependent!
2018-12-18 15:01:45,967 [Worker-89] INFO  o.e.m.c.i.embedder.EclipseLogger - skip non existing resourceDirectory C:\Users\Administrator\Documents\GitHub\New_JEE\WebServices\Spring_300_MvcJPARestNg\src\test\resources
2018-12-18 15:01:51,060 [Worker-94] WARN  o.e.m.c.i.embedder.EclipseLogger - Using platform encoding (Cp1252 actually) to copy filtered resources, i.e. build is platform dependent!
2018-12-18 15:01:51,061 [Worker-94] INFO  o.e.m.c.i.embedder.EclipseLogger - skip non existing resourceDirectory C:\Users\Administrator\Documents\GitHub\New_JEE\WebServices\Spring_300_MvcJPARestNg\src\main\resources
2018-12-18 15:01:51,062 [Worker-94] WARN  o.e.m.c.i.embedder.EclipseLogger - Using platform encoding (Cp1252 actually) to copy filtered resources, i.e. build is platform dependent!
2018-12-18 15:01:51,062 [Worker-94] INFO  o.e.m.c.i.embedder.EclipseLogger - skip non existing resourceDirectory C:\Users\Administrator\Documents\GitHub\New_JEE\WebServices\Spring_300_MvcJPARestNg\src\test\resources
2018-12-18 15:01:59,796 [Worker-78] WARN  o.e.m.c.i.embedder.EclipseLogger - Using platform encoding (Cp1252 actually) to copy filtered resources, i.e. build is platform dependent!
2018-12-18 15:01:59,797 [Worker-78] INFO  o.e.m.c.i.embedder.EclipseLogger - skip non existing resourceDirectory C:\Users\Administrator\Documents\GitHub\New_JEE\WebServices\Spring_300_MvcJPARestNg\src\main\resources
2018-12-18 15:01:59,798 [Worker-78] WARN  o.e.m.c.i.embedder.EclipseLogger - Using platform encoding (Cp1252 actually) to copy filtered resources, i.e. build is platform dependent!
2018-12-18 15:01:59,801 [Worker-78] INFO  o.e.m.c.i.embedder.EclipseLogger - skip non existing resourceDirectory C:\Users\Administrator\Documents\GitHub\New_JEE\WebServices\Spring_300_MvcJPARestNg\src\test\resources
2018-12-18 15:02:50,483 [Worker-85] WARN  o.e.m.c.i.embedder.EclipseLogger - Using platform encoding (Cp1252 actually) to copy filtered resources, i.e. build is platform dependent!
2018-12-18 15:02:50,484 [Worker-85] INFO  o.e.m.c.i.embedder.EclipseLogger - skip non existing resourceDirectory C:\Users\Administrator\Documents\GitHub\New_JEE\WebServices\Spring_300_MvcJPARestNg\src\main\resources
2018-12-18 15:02:50,486 [Worker-85] WARN  o.e.m.c.i.embedder.EclipseLogger - Using platform encoding (Cp1252 actually) to copy filtered resources, i.e. build is platform dependent!
2018-12-18 15:02:50,487 [Worker-85] INFO  o.e.m.c.i.embedder.EclipseLogger - skip non existing resourceDirectory C:\Users\Administrator\Documents\GitHub\New_JEE\WebServices\Spring_300_MvcJPARestNg\src\test\resources
2018-12-18 15:02:57,147 [Worker-96] WARN  o.e.m.c.i.embedder.EclipseLogger - Using platform encoding (Cp1252 actually) to copy filtered resources, i.e. build is platform dependent!
2018-12-18 15:02:57,148 [Worker-96] INFO  o.e.m.c.i.embedder.EclipseLogger - skip non existing resourceDirectory C:\Users\Administrator\Documents\GitHub\New_JEE\WebServices\Spring_300_MvcJPARestNg\src\main\resources
2018-12-18 15:02:57,149 [Worker-96] WARN  o.e.m.c.i.embedder.EclipseLogger - Using platform encoding (Cp1252 actually) to copy filtered resources, i.e. build is platform dependent!
2018-12-18 15:02:57,149 [Worker-96] INFO  o.e.m.c.i.embedder.EclipseLogger - skip non existing resourceDirectory C:\Users\Administrator\Documents\GitHub\New_JEE\WebServices\Spring_300_MvcJPARestNg\src\test\resources
2018-12-18 15:03:03,078 [Worker-90] WARN  o.e.m.c.i.embedder.EclipseLogger - Using platform encoding (Cp1252 actually) to copy filtered resources, i.e. build is platform dependent!
2018-12-18 15:03:03,079 [Worker-90] INFO  o.e.m.c.i.embedder.EclipseLogger - skip non existing resourceDirectory C:\Users\Administrator\Documents\GitHub\New_JEE\WebServices\Spring_300_MvcJPARestNg\src\main\resources
2018-12-18 15:03:03,081 [Worker-90] WARN  o.e.m.c.i.embedder.EclipseLogger - Using platform encoding (Cp1252 actually) to copy filtered resources, i.e. build is platform dependent!
2018-12-18 15:03:03,081 [Worker-90] INFO  o.e.m.c.i.embedder.EclipseLogger - skip non existing resourceDirectory C:\Users\Administrator\Documents\GitHub\New_JEE\WebServices\Spring_300_MvcJPARestNg\src\test\resources
2018-12-18 15:05:33,984 [Worker-87] WARN  o.e.m.c.i.embedder.EclipseLogger - Using platform encoding (Cp1252 actually) to copy filtered resources, i.e. build is platform dependent!
2018-12-18 15:05:33,985 [Worker-87] INFO  o.e.m.c.i.embedder.EclipseLogger - skip non existing resourceDirectory C:\Users\Administrator\Documents\GitHub\New_JEE\WebServices\Spring_300_MvcJPARestNg\src\main\resources
2018-12-18 15:05:33,985 [Worker-87] WARN  o.e.m.c.i.embedder.EclipseLogger - Using platform encoding (Cp1252 actually) to copy filtered resources, i.e. build is platform dependent!
2018-12-18 15:05:33,986 [Worker-87] INFO  o.e.m.c.i.embedder.EclipseLogger - skip non existing resourceDirectory C:\Users\Administrator\Documents\GitHub\New_JEE\WebServices\Spring_300_MvcJPARestNg\src\test\resources
2018-12-18 15:06:57,493 [Worker-78] WARN  o.e.m.c.i.embedder.EclipseLogger - Using platform encoding (Cp1252 actually) to copy filtered resources, i.e. build is platform dependent!
2018-12-18 15:06:57,494 [Worker-78] INFO  o.e.m.c.i.embedder.EclipseLogger - skip non existing resourceDirectory C:\Users\Administrator\Documents\GitHub\New_JEE\WebServices\Spring_300_MvcJPARestNg\src\main\resources
2018-12-18 15:06:57,496 [Worker-78] WARN  o.e.m.c.i.embedder.EclipseLogger - Using platform encoding (Cp1252 actually) to copy filtered resources, i.e. build is platform dependent!
2018-12-18 15:06:57,498 [Worker-78] INFO  o.e.m.c.i.embedder.EclipseLogger - skip non existing resourceDirectory C:\Users\Administrator\Documents\GitHub\New_JEE\WebServices\Spring_300_MvcJPARestNg\src\test\resources
2018-12-18 15:07:31,926 [Worker-85] WARN  o.e.m.c.i.embedder.EclipseLogger - Using platform encoding (Cp1252 actually) to copy filtered resources, i.e. build is platform dependent!
2018-12-18 15:07:31,927 [Worker-85] INFO  o.e.m.c.i.embedder.EclipseLogger - skip non existing resourceDirectory C:\Users\Administrator\Documents\GitHub\New_JEE\WebServices\Spring_300_MvcJPARestNg\src\main\resources
2018-12-18 15:07:31,928 [Worker-85] WARN  o.e.m.c.i.embedder.EclipseLogger - Using platform encoding (Cp1252 actually) to copy filtered resources, i.e. build is platform dependent!
2018-12-18 15:07:31,929 [Worker-85] INFO  o.e.m.c.i.embedder.EclipseLogger - skip non existing resourceDirectory C:\Users\Administrator\Documents\GitHub\New_JEE\WebServices\Spring_300_MvcJPARestNg\src\test\resources
2018-12-18 15:07:48,873 [Worker-97] WARN  o.e.m.c.i.embedder.EclipseLogger - Using platform encoding (Cp1252 actually) to copy filtered resources, i.e. build is platform dependent!
2018-12-18 15:07:48,874 [Worker-97] INFO  o.e.m.c.i.embedder.EclipseLogger - skip non existing resourceDirectory C:\Users\Administrator\Documents\GitHub\New_JEE\WebServices\Spring_300_MvcJPARestNg\src\main\resources
2018-12-18 15:07:48,876 [Worker-97] WARN  o.e.m.c.i.embedder.EclipseLogger - Using platform encoding (Cp1252 actually) to copy filtered resources, i.e. build is platform dependent!
2018-12-18 15:07:48,877 [Worker-97] INFO  o.e.m.c.i.embedder.EclipseLogger - skip non existing resourceDirectory C:\Users\Administrator\Documents\GitHub\New_JEE\WebServices\Spring_300_MvcJPARestNg\src\test\resources
2018-12-18 15:10:29,599 [Worker-94] WARN  o.e.m.c.i.embedder.EclipseLogger - Using platform encoding (Cp1252 actually) to copy filtered resources, i.e. build is platform dependent!
2018-12-18 15:10:29,600 [Worker-94] INFO  o.e.m.c.i.embedder.EclipseLogger - skip non existing resourceDirectory C:\Users\Administrator\Documents\GitHub\New_JEE\WebServices\Spring_300_MvcJPARestNg\src\main\resources
2018-12-18 15:10:29,600 [Worker-94] WARN  o.e.m.c.i.embedder.EclipseLogger - Using platform encoding (Cp1252 actually) to copy filtered resources, i.e. build is platform dependent!
2018-12-18 15:10:29,601 [Worker-94] INFO  o.e.m.c.i.embedder.EclipseLogger - skip non existing resourceDirectory C:\Users\Administrator\Documents\GitHub\New_JEE\WebServices\Spring_300_MvcJPARestNg\src\test\resources
2018-12-18 15:10:46,260 [Worker-89] WARN  o.e.m.c.i.embedder.EclipseLogger - Using platform encoding (Cp1252 actually) to copy filtered resources, i.e. build is platform dependent!
2018-12-18 15:10:46,260 [Worker-89] INFO  o.e.m.c.i.embedder.EclipseLogger - skip non existing resourceDirectory C:\Users\Administrator\Documents\GitHub\New_JEE\WebServices\Spring_300_MvcJPARestNg\src\main\resources
2018-12-18 15:10:46,261 [Worker-89] WARN  o.e.m.c.i.embedder.EclipseLogger - Using platform encoding (Cp1252 actually) to copy filtered resources, i.e. build is platform dependent!
2018-12-18 15:10:46,262 [Worker-89] INFO  o.e.m.c.i.embedder.EclipseLogger - skip non existing resourceDirectory C:\Users\Administrator\Documents\GitHub\New_JEE\WebServices\Spring_300_MvcJPARestNg\src\test\resources
2018-12-18 15:10:53,856 [Worker-89] WARN  o.e.m.c.i.embedder.EclipseLogger - Using platform encoding (Cp1252 actually) to copy filtered resources, i.e. build is platform dependent!
2018-12-18 15:10:53,857 [Worker-89] INFO  o.e.m.c.i.embedder.EclipseLogger - skip non existing resourceDirectory C:\Users\Administrator\Documents\GitHub\New_JEE\WebServices\Spring_300_MvcJPARestNg\src\main\resources
2018-12-18 15:10:53,858 [Worker-89] WARN  o.e.m.c.i.embedder.EclipseLogger - Using platform encoding (Cp1252 actually) to copy filtered resources, i.e. build is platform dependent!
2018-12-18 15:10:53,859 [Worker-89] INFO  o.e.m.c.i.embedder.EclipseLogger - skip non existing resourceDirectory C:\Users\Administrator\Documents\GitHub\New_JEE\WebServices\Spring_300_MvcJPARestNg\src\test\resources
2018-12-18 15:11:12,168 [Worker-93] WARN  o.e.m.c.i.embedder.EclipseLogger - Using platform encoding (Cp1252 actually) to copy filtered resources, i.e. build is platform dependent!
2018-12-18 15:11:12,169 [Worker-93] INFO  o.e.m.c.i.embedder.EclipseLogger - skip non existing resourceDirectory C:\Users\Administrator\Documents\GitHub\New_JEE\WebServices\Spring_300_MvcJPARestNg\src\main\resources
2018-12-18 15:11:12,169 [Worker-93] WARN  o.e.m.c.i.embedder.EclipseLogger - Using platform encoding (Cp1252 actually) to copy filtered resources, i.e. build is platform dependent!
2018-12-18 15:11:12,171 [Worker-93] INFO  o.e.m.c.i.embedder.EclipseLogger - skip non existing resourceDirectory C:\Users\Administrator\Documents\GitHub\New_JEE\WebServices\Spring_300_MvcJPARestNg\src\test\resources
2018-12-18 15:11:13,306 [Worker-97] WARN  o.e.m.c.i.embedder.EclipseLogger - Using platform encoding (Cp1252 actually) to copy filtered resources, i.e. build is platform dependent!
2018-12-18 15:11:13,307 [Worker-97] INFO  o.e.m.c.i.embedder.EclipseLogger - skip non existing resourceDirectory C:\Users\Administrator\Documents\GitHub\New_JEE\WebServices\Spring_300_MvcJPARestNg\src\main\resources
2018-12-18 15:11:13,309 [Worker-97] WARN  o.e.m.c.i.embedder.EclipseLogger - Using platform encoding (Cp1252 actually) to copy filtered resources, i.e. build is platform dependent!
2018-12-18 15:11:13,309 [Worker-97] INFO  o.e.m.c.i.embedder.EclipseLogger - skip non existing resourceDirectory C:\Users\Administrator\Documents\GitHub\New_JEE\WebServices\Spring_300_MvcJPARestNg\src\test\resources
2018-12-18 15:11:16,186 [Worker-95] WARN  o.e.m.c.i.embedder.EclipseLogger - Using platform encoding (Cp1252 actually) to copy filtered resources, i.e. build is platform dependent!
2018-12-18 15:11:16,186 [Worker-95] INFO  o.e.m.c.i.embedder.EclipseLogger - skip non existing resourceDirectory C:\Users\Administrator\Documents\GitHub\New_JEE\WebServices\Spring_300_MvcJPARestNg\src\main\resources
2018-12-18 15:11:16,187 [Worker-95] WARN  o.e.m.c.i.embedder.EclipseLogger - Using platform encoding (Cp1252 actually) to copy filtered resources, i.e. build is platform dependent!
2018-12-18 15:11:16,188 [Worker-95] INFO  o.e.m.c.i.embedder.EclipseLogger - skip non existing resourceDirectory C:\Users\Administrator\Documents\GitHub\New_JEE\WebServices\Spring_300_MvcJPARestNg\src\test\resources
2018-12-18 15:11:23,368 [Worker-97] WARN  o.e.m.c.i.embedder.EclipseLogger - Using platform encoding (Cp1252 actually) to copy filtered resources, i.e. build is platform dependent!
2018-12-18 15:11:23,369 [Worker-97] INFO  o.e.m.c.i.embedder.EclipseLogger - skip non existing resourceDirectory C:\Users\Administrator\Documents\GitHub\New_JEE\WebServices\Spring_300_MvcJPARestNg\src\main\resources
2018-12-18 15:11:23,370 [Worker-97] WARN  o.e.m.c.i.embedder.EclipseLogger - Using platform encoding (Cp1252 actually) to copy filtered resources, i.e. build is platform dependent!
2018-12-18 15:11:23,373 [Worker-97] INFO  o.e.m.c.i.embedder.EclipseLogger - skip non existing resourceDirectory C:\Users\Administrator\Documents\GitHub\New_JEE\WebServices\Spring_300_MvcJPARestNg\src\test\resources
2018-12-18 15:14:26,068 [Worker-85] WARN  o.e.m.c.i.embedder.EclipseLogger - Using platform encoding (Cp1252 actually) to copy filtered resources, i.e. build is platform dependent!
2018-12-18 15:14:26,069 [Worker-85] INFO  o.e.m.c.i.embedder.EclipseLogger - skip non existing resourceDirectory C:\Users\Administrator\Documents\GitHub\New_JEE\WebServices\Spring_300_MvcJPARestNg\src\main\resources
2018-12-18 15:14:26,070 [Worker-85] WARN  o.e.m.c.i.embedder.EclipseLogger - Using platform encoding (Cp1252 actually) to copy filtered resources, i.e. build is platform dependent!
2018-12-18 15:14:26,070 [Worker-85] INFO  o.e.m.c.i.embedder.EclipseLogger - skip non existing resourceDirectory C:\Users\Administrator\Documents\GitHub\New_JEE\WebServices\Spring_300_MvcJPARestNg\src\test\resources
2018-12-18 15:15:16,825 [Worker-93] WARN  o.e.m.c.i.embedder.EclipseLogger - Using platform encoding (Cp1252 actually) to copy filtered resources, i.e. build is platform dependent!
2018-12-18 15:15:16,826 [Worker-93] INFO  o.e.m.c.i.embedder.EclipseLogger - skip non existing resourceDirectory C:\Users\Administrator\Documents\GitHub\New_JEE\WebServices\Spring_300_MvcJPARestNg\src\main\resources
2018-12-18 15:15:16,834 [Worker-93] WARN  o.e.m.c.i.embedder.EclipseLogger - Using platform encoding (Cp1252 actually) to copy filtered resources, i.e. build is platform dependent!
2018-12-18 15:15:16,835 [Worker-93] INFO  o.e.m.c.i.embedder.EclipseLogger - skip non existing resourceDirectory C:\Users\Administrator\Documents\GitHub\New_JEE\WebServices\Spring_300_MvcJPARestNg\src\test\resources
2018-12-18 15:15:59,165 [Worker-94] WARN  o.e.m.c.i.embedder.EclipseLogger - Using platform encoding (Cp1252 actually) to copy filtered resources, i.e. build is platform dependent!
2018-12-18 15:15:59,166 [Worker-94] INFO  o.e.m.c.i.embedder.EclipseLogger - skip non existing resourceDirectory C:\Users\Administrator\Documents\GitHub\New_JEE\WebServices\Spring_300_MvcJPARestNg\src\main\resources
2018-12-18 15:15:59,167 [Worker-94] WARN  o.e.m.c.i.embedder.EclipseLogger - Using platform encoding (Cp1252 actually) to copy filtered resources, i.e. build is platform dependent!
2018-12-18 15:15:59,167 [Worker-94] INFO  o.e.m.c.i.embedder.EclipseLogger - skip non existing resourceDirectory C:\Users\Administrator\Documents\GitHub\New_JEE\WebServices\Spring_300_MvcJPARestNg\src\test\resources
2018-12-18 15:16:03,254 [Worker-85] WARN  o.e.m.c.i.embedder.EclipseLogger - Using platform encoding (Cp1252 actually) to copy filtered resources, i.e. build is platform dependent!
2018-12-18 15:16:03,254 [Worker-85] INFO  o.e.m.c.i.embedder.EclipseLogger - skip non existing resourceDirectory C:\Users\Administrator\Documents\GitHub\New_JEE\WebServices\Spring_300_MvcJPARestNg\src\main\resources
2018-12-18 15:16:03,255 [Worker-85] WARN  o.e.m.c.i.embedder.EclipseLogger - Using platform encoding (Cp1252 actually) to copy filtered resources, i.e. build is platform dependent!
2018-12-18 15:16:03,256 [Worker-85] INFO  o.e.m.c.i.embedder.EclipseLogger - skip non existing resourceDirectory C:\Users\Administrator\Documents\GitHub\New_JEE\WebServices\Spring_300_MvcJPARestNg\src\test\resources
2018-12-18 15:18:41,733 [Worker-91] WARN  o.e.m.c.i.embedder.EclipseLogger - Using platform encoding (Cp1252 actually) to copy filtered resources, i.e. build is platform dependent!
2018-12-18 15:18:41,734 [Worker-91] INFO  o.e.m.c.i.embedder.EclipseLogger - skip non existing resourceDirectory C:\Users\Administrator\Documents\GitHub\New_JEE\WebServices\Spring_300_MvcJPARestNg\src\main\resources
2018-12-18 15:18:41,735 [Worker-91] WARN  o.e.m.c.i.embedder.EclipseLogger - Using platform encoding (Cp1252 actually) to copy filtered resources, i.e. build is platform dependent!
2018-12-18 15:18:41,737 [Worker-91] INFO  o.e.m.c.i.embedder.EclipseLogger - skip non existing resourceDirectory C:\Users\Administrator\Documents\GitHub\New_JEE\WebServices\Spring_300_MvcJPARestNg\src\test\resources
2018-12-18 15:24:25,504 [Worker-97] WARN  o.e.m.c.i.embedder.EclipseLogger - Using platform encoding (Cp1252 actually) to copy filtered resources, i.e. build is platform dependent!
2018-12-18 15:24:25,508 [Worker-97] INFO  o.e.m.c.i.embedder.EclipseLogger - skip non existing resourceDirectory C:\Users\Administrator\Documents\GitHub\New_JEE\WebServices\Spring_300_MvcJPARestNg\src\main\resources
2018-12-18 15:24:25,509 [Worker-97] WARN  o.e.m.c.i.embedder.EclipseLogger - Using platform encoding (Cp1252 actually) to copy filtered resources, i.e. build is platform dependent!
2018-12-18 15:24:25,510 [Worker-97] INFO  o.e.m.c.i.embedder.EclipseLogger - skip non existing resourceDirectory C:\Users\Administrator\Documents\GitHub\New_JEE\WebServices\Spring_300_MvcJPARestNg\src\test\resources
2018-12-18 15:24:52,247 [Worker-90] WARN  o.e.m.c.i.embedder.EclipseLogger - Using platform encoding (Cp1252 actually) to copy filtered resources, i.e. build is platform dependent!
2018-12-18 15:24:52,248 [Worker-90] INFO  o.e.m.c.i.embedder.EclipseLogger - skip non existing resourceDirectory C:\Users\Administrator\Documents\GitHub\New_JEE\WebServices\Spring_300_MvcJPARestNg\src\main\resources
2018-12-18 15:24:52,248 [Worker-90] WARN  o.e.m.c.i.embedder.EclipseLogger - Using platform encoding (Cp1252 actually) to copy filtered resources, i.e. build is platform dependent!
2018-12-18 15:24:52,249 [Worker-90] INFO  o.e.m.c.i.embedder.EclipseLogger - skip non existing resourceDirectory C:\Users\Administrator\Documents\GitHub\New_JEE\WebServices\Spring_300_MvcJPARestNg\src\test\resources
2018-12-18 15:29:52,633 [Worker-91] WARN  o.e.m.c.i.embedder.EclipseLogger - Using platform encoding (Cp1252 actually) to copy filtered resources, i.e. build is platform dependent!
2018-12-18 15:29:52,633 [Worker-91] INFO  o.e.m.c.i.embedder.EclipseLogger - skip non existing resourceDirectory C:\Users\Administrator\Documents\GitHub\New_JEE\WebServices\Spring_300_MvcJPARestNg\src\main\resources
2018-12-18 15:29:52,634 [Worker-91] WARN  o.e.m.c.i.embedder.EclipseLogger - Using platform encoding (Cp1252 actually) to copy filtered resources, i.e. build is platform dependent!
2018-12-18 15:29:52,635 [Worker-91] INFO  o.e.m.c.i.embedder.EclipseLogger - skip non existing resourceDirectory C:\Users\Administrator\Documents\GitHub\New_JEE\WebServices\Spring_300_MvcJPARestNg\src\test\resources
2018-12-18 15:30:01,593 [Worker-97] WARN  o.e.m.c.i.embedder.EclipseLogger - Using platform encoding (Cp1252 actually) to copy filtered resources, i.e. build is platform dependent!
2018-12-18 15:30:01,594 [Worker-97] INFO  o.e.m.c.i.embedder.EclipseLogger - skip non existing resourceDirectory C:\Users\Administrator\Documents\GitHub\New_JEE\WebServices\Spring_300_MvcJPARestNg\src\main\resources
2018-12-18 15:30:01,595 [Worker-97] WARN  o.e.m.c.i.embedder.EclipseLogger - Using platform encoding (Cp1252 actually) to copy filtered resources, i.e. build is platform dependent!
2018-12-18 15:30:01,596 [Worker-97] INFO  o.e.m.c.i.embedder.EclipseLogger - skip non existing resourceDirectory C:\Users\Administrator\Documents\GitHub\New_JEE\WebServices\Spring_300_MvcJPARestNg\src\test\resources
2018-12-18 15:33:12,481 [Worker-93] WARN  o.e.m.c.i.embedder.EclipseLogger - Using platform encoding (Cp1252 actually) to copy filtered resources, i.e. build is platform dependent!
2018-12-18 15:33:12,482 [Worker-93] INFO  o.e.m.c.i.embedder.EclipseLogger - skip non existing resourceDirectory C:\Users\Administrator\Documents\GitHub\New_JEE\WebServices\Spring_300_MvcJPARestNg\src\main\resources
2018-12-18 15:33:12,483 [Worker-93] WARN  o.e.m.c.i.embedder.EclipseLogger - Using platform encoding (Cp1252 actually) to copy filtered resources, i.e. build is platform dependent!
2018-12-18 15:33:12,483 [Worker-93] INFO  o.e.m.c.i.embedder.EclipseLogger - skip non existing resourceDirectory C:\Users\Administrator\Documents\GitHub\New_JEE\WebServices\Spring_300_MvcJPARestNg\src\test\resources
2018-12-18 15:35:07,690 [Worker-90] WARN  o.e.m.c.i.embedder.EclipseLogger - Using platform encoding (Cp1252 actually) to copy filtered resources, i.e. build is platform dependent!
2018-12-18 15:35:07,691 [Worker-90] INFO  o.e.m.c.i.embedder.EclipseLogger - skip non existing resourceDirectory C:\Users\Administrator\Documents\GitHub\New_JEE\WebServices\Spring_300_MvcJPARestNg\src\main\resources
2018-12-18 15:35:07,692 [Worker-90] WARN  o.e.m.c.i.embedder.EclipseLogger - Using platform encoding (Cp1252 actually) to copy filtered resources, i.e. build is platform dependent!
2018-12-18 15:35:07,695 [Worker-90] INFO  o.e.m.c.i.embedder.EclipseLogger - skip non existing resourceDirectory C:\Users\Administrator\Documents\GitHub\New_JEE\WebServices\Spring_300_MvcJPARestNg\src\test\resources
2018-12-18 15:36:06,089 [Worker-91] WARN  o.e.m.c.i.embedder.EclipseLogger - Using platform encoding (Cp1252 actually) to copy filtered resources, i.e. build is platform dependent!
2018-12-18 15:36:06,090 [Worker-91] INFO  o.e.m.c.i.embedder.EclipseLogger - skip non existing resourceDirectory C:\Users\Administrator\Documents\GitHub\New_JEE\WebServices\Spring_300_MvcJPARestNg\src\main\resources
2018-12-18 15:36:06,091 [Worker-91] WARN  o.e.m.c.i.embedder.EclipseLogger - Using platform encoding (Cp1252 actually) to copy filtered resources, i.e. build is platform dependent!
2018-12-18 15:36:06,091 [Worker-91] INFO  o.e.m.c.i.embedder.EclipseLogger - skip non existing resourceDirectory C:\Users\Administrator\Documents\GitHub\New_JEE\WebServices\Spring_300_MvcJPARestNg\src\test\resources
